#
# There is insufficient memory for the Java Runtime Environment to continue.
# Native memory allocation (malloc) failed to allocate 32744 bytes for ChunkPool::allocate
# Possible reasons:
#   The system is out of physical RAM or swap space
#   The process is running with CompressedOops enabled, and the Java Heap may be blocking the growth of the native heap
# Possible solutions:
#   Reduce memory load on the system
#   Increase physical memory or swap space
#   Check if swap backing store is full
#   Decrease Java heap size (-Xmx/-Xms)
#   Decrease number of Java threads
#   Decrease Java thread stack sizes (-Xss)
#   Set larger code cache with -XX:ReservedCodeCacheSize=
#   JVM is running with Unscaled Compressed Oops mode in which the Java heap is
#     placed in the first 4GB address space. The Java Heap base address is the
#     maximum limit for the native heap growth. Please use -XX:HeapBaseMinAddress
#     to set the Java Heap base and to place the Java Heap above 4GB virtual address.
# This output file may be truncated or incomplete.
#
#  Out of Memory Error (allocation.cpp:272), pid=10004, tid=0x0000000000002318
#
# JRE version: OpenJDK Runtime Environment (Zulu 8.54.0.21-CA-win64) (8.0_292-b10) (build 1.8.0_292-b10)
# Java VM: OpenJDK 64-Bit Server VM (25.292-b10 mixed mode windows-amd64 compressed oops)
# Failed to write core dump. Minidumps are not enabled by default on client versions of Windows
#

---------------  T H R E A D  ---------------

Current thread (0x00000000169ee800):  JavaThread "Daemon worker" [_thread_in_vm, id=8984, stack(0x0000000018220000,0x0000000018320000)]

Stack: [0x0000000018220000,0x0000000018320000]
[error occurred during error reporting (printing stack bounds), id 0xc0000005]

Native frames: (J=compiled Java code, j=interpreted, Vv=VM code, C=native code)

Java frames: (J=compiled Java code, j=interpreted, Vv=VM code)
J 866  java.lang.ClassLoader.defineClass1(Ljava/lang/String;[BIILjava/security/ProtectionDomain;Ljava/lang/String;)Ljava/lang/Class; (0 bytes) @ 0x000000000357581f [0x0000000003575780+0x9f]
J 715 C1 java.lang.ClassLoader.defineClass(Ljava/lang/String;[BIILjava/security/ProtectionDomain;)Ljava/lang/Class; (43 bytes) @ 0x00000000034f4024 [0x00000000034f3a40+0x5e4]
J 665 C1 java.net.URLClassLoader.defineClass(Ljava/lang/String;Lsun/misc/Resource;)Ljava/lang/Class; (142 bytes) @ 0x00000000034d7264 [0x00000000034d5700+0x1b64]
J 579 C1 java.net.URLClassLoader$1.run()Ljava/lang/Class; (63 bytes) @ 0x000000000347b514 [0x000000000347b260+0x2b4]
J 546 C1 java.net.URLClassLoader$1.run()Ljava/lang/Object; (5 bytes) @ 0x000000000346e58c [0x000000000346e500+0x8c]
v  ~StubRoutines::call_stub
J 477  java.security.AccessController.doPrivileged(Ljava/security/PrivilegedExceptionAction;Ljava/security/AccessControlContext;)Ljava/lang/Object; (0 bytes) @ 0x0000000003434ca6 [0x0000000003434c40+0x66]
J 1512 C2 java.net.URLClassLoader.findClass(Ljava/lang/String;)Ljava/lang/Class; (47 bytes) @ 0x000000000376d770 [0x000000000376d6e0+0x90]
j  org.gradle.internal.classloader.TransformingClassLoader.findClass(Ljava/lang/String;)Ljava/lang/Class;+10
J 1485 C2 java.lang.ClassLoader.loadClass(Ljava/lang/String;Z)Ljava/lang/Class; (122 bytes) @ 0x000000000375ddc4 [0x000000000375d300+0xac4]
J 580 C1 java.lang.ClassLoader.loadClass(Ljava/lang/String;)Ljava/lang/Class; (7 bytes) @ 0x000000000347bccc [0x000000000347bbc0+0x10c]
v  ~StubRoutines::call_stub
j  org.gradle.configurationcache.ConfigurationCacheServices.registerBuildTreeServices(Lorg/gradle/internal/service/ServiceRegistration;)V+30
j  org.gradle.internal.buildtree.BuildTreeScopeServices.configure(Lorg/gradle/internal/service/ServiceRegistration;Ljava/util/List;)V+30
v  ~StubRoutines::call_stub
j  sun.reflect.NativeMethodAccessorImpl.invoke0(Ljava/lang/reflect/Method;Ljava/lang/Object;[Ljava/lang/Object;)Ljava/lang/Object;+0
j  sun.reflect.NativeMethodAccessorImpl.invoke(Ljava/lang/Object;[Ljava/lang/Object;)Ljava/lang/Object;+100
J 1317 C1 sun.reflect.DelegatingMethodAccessorImpl.invoke(Ljava/lang/Object;[Ljava/lang/Object;)Ljava/lang/Object; (10 bytes) @ 0x00000000036e5884 [0x00000000036e5780+0x104]
J 1316 C1 java.lang.reflect.Method.invoke(Ljava/lang/Object;[Ljava/lang/Object;)Ljava/lang/Object; (62 bytes) @ 0x00000000036e8dac [0x00000000036e89c0+0x3ec]
j  org.gradle.internal.reflect.JavaMethod.invoke(Ljava/lang/Object;[Ljava/lang/Object;)Ljava/lang/Object;+6
j  org.gradle.internal.service.ReflectionBasedServiceMethod.invoke(Ljava/lang/Object;[Ljava/lang/Object;)Ljava/lang/Object;+6
j  org.gradle.internal.service.DefaultServiceRegistry.applyConfigureMethod(Lorg/gradle/internal/service/ServiceMethod;Ljava/lang/Object;)V+140
j  org.gradle.internal.service.DefaultServiceRegistry.findProviderMethods(Ljava/lang/Object;)V+196
j  org.gradle.internal.service.DefaultServiceRegistry.addProvider(Ljava/lang/Object;)Lorg/gradle/internal/service/DefaultServiceRegistry;+6
j  org.gradle.internal.service.ServiceRegistryBuilder.build()Lorg/gradle/internal/service/ServiceRegistry;+56
j  org.gradle.internal.buildtree.BuildTreeState.<init>(Lorg/gradle/internal/service/ServiceRegistry;Lorg/gradle/api/internal/BuildType;Lorg/gradle/internal/buildtree/BuildTreeBuildPath;)V+30
j  org.gradle.launcher.exec.BuildTreeScopeLifecycleBuildActionExecuter.execute(Lorg/gradle/internal/invocation/BuildAction;Lorg/gradle/launcher/exec/BuildActionParameters;Lorg/gradle/internal/session/BuildSessionContext;)Lorg/gradle/launcher/exec/BuildActionResult;+35
j  org.gradle.launcher.exec.BuildTreeScopeLifecycleBuildActionExecuter.execute(Lorg/gradle/internal/invocation/BuildAction;Ljava/lang/Object;Ljava/lang/Object;)Lorg/gradle/launcher/exec/BuildActionResult;+10
j  org.gradle.tooling.internal.provider.ContinuousBuildActionExecuter.execute(Lorg/gradle/internal/invocation/BuildAction;Lorg/gradle/launcher/exec/BuildActionParameters;Lorg/gradle/internal/session/BuildSessionContext;)Lorg/gradle/launcher/exec/BuildActionResult;+59
j  org.gradle.tooling.internal.provider.ContinuousBuildActionExecuter.execute(Lorg/gradle/internal/invocation/BuildAction;Ljava/lang/Object;Ljava/lang/Object;)Lorg/gradle/launcher/exec/BuildActionResult;+10
j  org.gradle.tooling.internal.provider.SubscribableBuildActionExecuter.execute(Lorg/gradle/internal/invocation/BuildAction;Lorg/gradle/launcher/exec/BuildActionParameters;Lorg/gradle/internal/session/BuildSessionContext;)Lorg/gradle/launcher/exec/BuildActionResult;+33
j  org.gradle.tooling.internal.provider.SubscribableBuildActionExecuter.execute(Lorg/gradle/internal/invocation/BuildAction;Ljava/lang/Object;Ljava/lang/Object;)Lorg/gradle/launcher/exec/BuildActionResult;+10
j  org.gradle.tooling.internal.provider.SessionScopeLifecycleBuildActionExecuter.lambda$execute$0(Lorg/gradle/internal/invocation/BuildAction;Lorg/gradle/launcher/exec/BuildActionParameters;Lorg/gradle/internal/session/BuildSessionContext;)Lorg/gradle/launcher/exec/BuildActionResult;+52
j  org.gradle.tooling.internal.provider.SessionScopeLifecycleBuildActionExecuter$$Lambda$18.apply(Ljava/lang/Object;)Ljava/lang/Object;+12
j  org.gradle.internal.session.BuildSessionState.run(Ljava/util/function/Function;)Ljava/lang/Object;+9
j  org.gradle.tooling.internal.provider.SessionScopeLifecycleBuildActionExecuter.execute(Lorg/gradle/internal/invocation/BuildAction;Lorg/gradle/launcher/exec/BuildActionParameters;Lorg/gradle/initialization/BuildRequestContext;)Lorg/gradle/launcher/exec/BuildActionResult;+74
j  org.gradle.tooling.internal.provider.SessionScopeLifecycleBuildActionExecuter.execute(Lorg/gradle/internal/invocation/BuildAction;Ljava/lang/Object;Ljava/lang/Object;)Lorg/gradle/launcher/exec/BuildActionResult;+10
j  org.gradle.tooling.internal.provider.GradleThreadBuildActionExecuter.execute(Lorg/gradle/internal/invocation/BuildAction;Lorg/gradle/launcher/exec/BuildActionParameters;Lorg/gradle/initialization/BuildRequestContext;)Lorg/gradle/launcher/exec/BuildActionResult;+10
j  org.gradle.tooling.internal.provider.GradleThreadBuildActionExecuter.execute(Lorg/gradle/internal/invocation/BuildAction;Ljava/lang/Object;Ljava/lang/Object;)Lorg/gradle/launcher/exec/BuildActionResult;+10
j  org.gradle.tooling.internal.provider.StartParamsValidatingActionExecuter.execute(Lorg/gradle/internal/invocation/BuildAction;Lorg/gradle/launcher/exec/BuildActionParameters;Lorg/gradle/initialization/BuildRequestContext;)Lorg/gradle/launcher/exec/BuildActionResult;+175
j  org.gradle.tooling.internal.provider.StartParamsValidatingActionExecuter.execute(Lorg/gradle/internal/invocation/BuildAction;Ljava/lang/Object;Ljava/lang/Object;)Lorg/gradle/launcher/exec/BuildActionResult;+10
j  org.gradle.tooling.internal.provider.SessionFailureReportingActionExecuter.execute(Lorg/gradle/internal/invocation/BuildAction;Lorg/gradle/launcher/exec/BuildActionParameters;Lorg/gradle/initialization/BuildRequestContext;)Lorg/gradle/launcher/exec/BuildActionResult;+7
j  org.gradle.tooling.internal.provider.SessionFailureReportingActionExecuter.execute(Lorg/gradle/internal/invocation/BuildAction;Ljava/lang/Object;Ljava/lang/Object;)Lorg/gradle/launcher/exec/BuildActionResult;+10
j  org.gradle.tooling.internal.provider.SetupLoggingActionExecuter.execute(Lorg/gradle/internal/invocation/BuildAction;Lorg/gradle/launcher/exec/BuildActionParameters;Lorg/gradle/initialization/BuildRequestContext;)Lorg/gradle/launcher/exec/BuildActionResult;+50
j  org.gradle.tooling.internal.provider.SetupLoggingActionExecuter.execute(Lorg/gradle/internal/invocation/BuildAction;Ljava/lang/Object;Ljava/lang/Object;)Lorg/gradle/launcher/exec/BuildActionResult;+10
j  org.gradle.launcher.daemon.server.exec.ExecuteBuild.doBuild(Lorg/gradle/launcher/daemon/server/api/DaemonCommandExecution;Lorg/gradle/launcher/daemon/protocol/Build;)V+114
j  org.gradle.launcher.daemon.server.exec.BuildCommandOnly.execute(Lorg/gradle/launcher/daemon/server/api/DaemonCommandExecution;)V+49
j  org.gradle.launcher.daemon.server.api.DaemonCommandExecution.proceed()Z+23
j  org.gradle.launcher.daemon.server.exec.WatchForDisconnection.execute(Lorg/gradle/launcher/daemon/server/api/DaemonCommandExecution;)V+19
j  org.gradle.launcher.daemon.server.api.DaemonCommandExecution.proceed()Z+23
j  org.gradle.launcher.daemon.server.exec.ResetDeprecationLogger.execute(Lorg/gradle/launcher/daemon/server/api/DaemonCommandExecution;)V+7
j  org.gradle.launcher.daemon.server.api.DaemonCommandExecution.proceed()Z+23
j  org.gradle.launcher.daemon.server.exec.RequestStopIfSingleUsedDaemon.execute(Lorg/gradle/launcher/daemon/server/api/DaemonCommandExecution;)V+33
j  org.gradle.launcher.daemon.server.api.DaemonCommandExecution.proceed()Z+23
j  org.gradle.launcher.daemon.server.exec.ForwardClientInput$2.create()Ljava/lang/Void;+4
j  org.gradle.launcher.daemon.server.exec.ForwardClientInput$2.create()Ljava/lang/Object;+1
j  org.gradle.util.Swapper.swap(Ljava/lang/Object;Lorg/gradle/internal/Factory;)Ljava/lang/Object;+21
j  org.gradle.launcher.daemon.server.exec.ForwardClientInput.execute(Lorg/gradle/launcher/daemon/server/api/DaemonCommandExecution;)V+63
j  org.gradle.launcher.daemon.server.api.DaemonCommandExecution.proceed()Z+23
j  org.gradle.launcher.daemon.server.exec.LogAndCheckHealth.execute(Lorg/gradle/launcher/daemon/server/api/DaemonCommandExecution;)V+28
j  org.gradle.launcher.daemon.server.api.DaemonCommandExecution.proceed()Z+23
j  org.gradle.launcher.daemon.server.exec.LogToClient.doBuild(Lorg/gradle/launcher/daemon/server/api/DaemonCommandExecution;Lorg/gradle/launcher/daemon/protocol/Build;)V+87
j  org.gradle.launcher.daemon.server.exec.BuildCommandOnly.execute(Lorg/gradle/launcher/daemon/server/api/DaemonCommandExecution;)V+49
j  org.gradle.launcher.daemon.server.api.DaemonCommandExecution.proceed()Z+23
j  org.gradle.launcher.daemon.server.exec.EstablishBuildEnvironment.doBuild(Lorg/gradle/launcher/daemon/server/api/DaemonCommandExecution;Lorg/gradle/launcher/daemon/protocol/Build;)V+356
j  org.gradle.launcher.daemon.server.exec.BuildCommandOnly.execute(Lorg/gradle/launcher/daemon/server/api/DaemonCommandExecution;)V+49
j  org.gradle.launcher.daemon.server.api.DaemonCommandExecution.proceed()Z+23
j  org.gradle.launcher.daemon.server.exec.StartBuildOrRespondWithBusy$1.run()V+44
j  org.gradle.launcher.daemon.server.DaemonStateCoordinator$1.run()V+4
j  org.gradle.internal.concurrent.ExecutorPolicy$CatchAndRecordFailures.onExecute(Ljava/lang/Runnable;)V+1
j  org.gradle.internal.concurrent.ManagedExecutorImpl$1.run()V+25
j  java.util.concurrent.ThreadPoolExecutor.runWorker(Ljava/util/concurrent/ThreadPoolExecutor$Worker;)V+95
j  java.util.concurrent.ThreadPoolExecutor$Worker.run()V+5
j  org.gradle.internal.concurrent.ThreadFactoryImpl$ManagedThreadRunnable.run()V+7
j  java.lang.Thread.run()V+11
v  ~StubRoutines::call_stub

---------------  P R O C E S S  ---------------

Java Threads: ( => current thread )
  0x00000000169d2800 JavaThread "Daemon client event forwarder" [_thread_blocked, id=12556, stack(0x0000000018520000,0x0000000018620000)]
  0x00000000169f4000 JavaThread "Stdin handler" [_thread_blocked, id=404, stack(0x0000000018420000,0x0000000018520000)]
  0x00000000169ef800 JavaThread "Asynchronous log dispatcher for DefaultDaemonConnection: socket connection from /127.0.0.1:64369 to /127.0.0.1:64370" [_thread_blocked, id=12560, stack(0x0000000018320000,0x0000000018420000)]
=>0x00000000169ee800 JavaThread "Daemon worker" [_thread_in_vm, id=8984, stack(0x0000000018220000,0x0000000018320000)]
  0x000000001664d800 JavaThread "Cancel handler" [_thread_blocked, id=3540, stack(0x0000000018120000,0x0000000018220000)]
  0x0000000016033000 JavaThread "Handler for socket connection from /127.0.0.1:64369 to /127.0.0.1:64370" [_thread_in_native, id=11956, stack(0x0000000018020000,0x0000000018120000)]
  0x0000000015fc2000 JavaThread "Daemon periodic checks" [_thread_blocked, id=3480, stack(0x0000000017f20000,0x0000000018020000)]
  0x0000000016a3d800 JavaThread "Daemon" [_thread_blocked, id=1204, stack(0x0000000017e20000,0x0000000017f20000)]
  0x0000000016a39000 JavaThread "Incoming local TCP Connector on port 64369" [_thread_in_native, id=456, stack(0x00000000179b0000,0x0000000017ab0000)]
  0x0000000016882000 JavaThread "Daemon health stats" [_thread_blocked, id=5680, stack(0x0000000017570000,0x0000000017670000)]
  0x00000000143c8000 JavaThread "Service Thread" daemon [_thread_blocked, id=12360, stack(0x00000000155a0000,0x00000000156a0000)]
  0x000000001435e000 JavaThread "C1 CompilerThread1" daemon [_thread_blocked, id=7964, stack(0x00000000154a0000,0x00000000155a0000)]
  0x0000000014357000 JavaThread "C2 CompilerThread0" daemon [_thread_in_native, id=5240, stack(0x00000000153a0000,0x00000000154a0000)]
  0x0000000014352000 JavaThread "Attach Listener" daemon [_thread_blocked, id=12856, stack(0x00000000152a0000,0x00000000153a0000)]
  0x0000000014351000 JavaThread "Signal Dispatcher" daemon [_thread_blocked, id=12364, stack(0x00000000151a0000,0x00000000152a0000)]
  0x0000000003217800 JavaThread "Finalizer" daemon [_thread_blocked, id=12576, stack(0x0000000014f80000,0x0000000015080000)]
  0x0000000014337000 JavaThread "Reference Handler" daemon [_thread_blocked, id=7232, stack(0x0000000014e80000,0x0000000014f80000)]
  0x000000000311d800 JavaThread "main" [_thread_blocked, id=2948, stack(0x0000000002fb0000,0x00000000030b0000)]

Other Threads:
  0x0000000014315800 VMThread [stack: 0x0000000014d80000,0x0000000014e80000] [id=7352]
  0x00000000143e5800 WatcherThread [stack: 0x00000000156a0000,0x00000000157a0000] [id=12008]

VM state:not at safepoint (normal execution)

VM Mutex/Monitor currently owned by a thread: None

heap address: 0x00000000e0000000, size: 512 MB, Compressed Oops mode: 32-bit
Narrow klass base: 0x0000000000000000, Narrow klass shift: 3
Compressed class space size: 1073741824 Address: 0x0000000100000000

Heap:
 PSYoungGen      total 141824K, used 20465K [0x00000000f5580000, 0x00000000fea80000, 0x0000000100000000)
  eden space 131072K, 8% used [0x00000000f5580000,0x00000000f60d6230,0x00000000fd580000)
  from space 10752K, 82% used [0x00000000fe000000,0x00000000fe8a6200,0x00000000fea80000)
  to   space 10752K, 0% used [0x00000000fd580000,0x00000000fd580000,0x00000000fe000000)
 ParOldGen       total 175104K, used 24K [0x00000000e0000000, 0x00000000eab00000, 0x00000000f5580000)
  object space 175104K, 0% used [0x00000000e0000000,0x00000000e0006000,0x00000000eab00000)
 Metaspace       used 14579K, capacity 15020K, committed 15232K, reserved 1062912K
  class space    used 2029K, capacity 2126K, committed 2176K, reserved 1048576K

Card table byte_map: [0x00000000125e0000,0x00000000126f0000] byte_map_base: 0x0000000011ee0000

Marking Bits: (ParMarkBitMap*) 0x000000005cc72f00
 Begin Bits: [0x00000000128f0000, 0x00000000130f0000)
 End Bits:   [0x00000000130f0000, 0x00000000138f0000)

Polling page: 0x0000000001700000

CodeCache: size=245760Kb used=5406Kb max_used=5417Kb free=240353Kb
 bounds [0x0000000003220000, 0x0000000003770000, 0x0000000012220000]
 total_blobs=1912 nmethods=1512 adapters=312
 compilation: enabled

Compilation events (10 events):
Event: 7.678 Thread 0x000000001435e000 nmethod 1509 0x0000000003768f90 code [0x00000000037690e0, 0x00000000037691f0]
Event: 7.678 Thread 0x000000001435e000 1510       1       sun.reflect.generics.tree.SimpleClassTypeSignature::getDollar (5 bytes)
Event: 7.678 Thread 0x000000001435e000 nmethod 1510 0x0000000003768cd0 code [0x0000000003768e20, 0x0000000003768f30]
Event: 7.680 Thread 0x000000001435e000 1511       3       java.util.HashSet::clear (8 bytes)
Event: 7.680 Thread 0x000000001435e000 nmethod 1511 0x0000000003768890 code [0x0000000003768a00, 0x0000000003768c28]
Event: 7.683 Thread 0x0000000014357000 1512   !   4       java.net.URLClassLoader::findClass (47 bytes)
Event: 7.684 Thread 0x000000001435e000 1514       3       org.gradle.internal.service.DefaultServiceRegistry$OwnServices::add (66 bytes)
Event: 7.685 Thread 0x000000001435e000 nmethod 1514 0x0000000003769fd0 code [0x000000000376a260, 0x000000000376b438]
Event: 7.686 Thread 0x0000000014357000 nmethod 1512 0x000000000376d550 code [0x000000000376d6e0, 0x000000000376d8d8]
Event: 7.686 Thread 0x0000000014357000 1513       4       java.net.URLClassLoader$1::run (5 bytes)

GC Heap History (4 events):
Event: 2.723 GC heap before
{Heap before GC invocations=1 (full 0):
 PSYoungGen      total 76288K, used 65536K [0x00000000f5580000, 0x00000000faa80000, 0x0000000100000000)
  eden space 65536K, 100% used [0x00000000f5580000,0x00000000f9580000,0x00000000f9580000)
  from space 10752K, 0% used [0x00000000fa000000,0x00000000fa000000,0x00000000faa80000)
  to   space 10752K, 0% used [0x00000000f9580000,0x00000000f9580000,0x00000000fa000000)
 ParOldGen       total 175104K, used 0K [0x00000000e0000000, 0x00000000eab00000, 0x00000000f5580000)
  object space 175104K, 0% used [0x00000000e0000000,0x00000000e0000000,0x00000000eab00000)
 Metaspace       used 7971K, capacity 8236K, committed 8320K, reserved 1056768K
  class space    used 988K, capacity 1088K, committed 1152K, reserved 1048576K
Event: 2.762 GC heap after
Heap after GC invocations=1 (full 0):
 PSYoungGen      total 76288K, used 6491K [0x00000000f5580000, 0x00000000fea80000, 0x0000000100000000)
  eden space 65536K, 0% used [0x00000000f5580000,0x00000000f5580000,0x00000000f9580000)
  from space 10752K, 60% used [0x00000000f9580000,0x00000000f9bd6c50,0x00000000fa000000)
  to   space 10752K, 0% used [0x00000000fe000000,0x00000000fe000000,0x00000000fea80000)
 ParOldGen       total 175104K, used 8K [0x00000000e0000000, 0x00000000eab00000, 0x00000000f5580000)
  object space 175104K, 0% used [0x00000000e0000000,0x00000000e0002000,0x00000000eab00000)
 Metaspace       used 7971K, capacity 8236K, committed 8320K, reserved 1056768K
  class space    used 988K, capacity 1088K, committed 1152K, reserved 1048576K
}
Event: 7.525 GC heap before
{Heap before GC invocations=2 (full 0):
 PSYoungGen      total 76288K, used 72027K [0x00000000f5580000, 0x00000000fea80000, 0x0000000100000000)
  eden space 65536K, 100% used [0x00000000f5580000,0x00000000f9580000,0x00000000f9580000)
  from space 10752K, 60% used [0x00000000f9580000,0x00000000f9bd6c50,0x00000000fa000000)
  to   space 10752K, 0% used [0x00000000fe000000,0x00000000fe000000,0x00000000fea80000)
 ParOldGen       total 175104K, used 8K [0x00000000e0000000, 0x00000000eab00000, 0x00000000f5580000)
  object space 175104K, 0% used [0x00000000e0000000,0x00000000e0002000,0x00000000eab00000)
 Metaspace       used 14131K, capacity 14630K, committed 14976K, reserved 1062912K
  class space    used 1945K, capacity 2061K, committed 2176K, reserved 1048576K
Event: 7.564 GC heap after
Heap after GC invocations=2 (full 0):
 PSYoungGen      total 141824K, used 8856K [0x00000000f5580000, 0x00000000fea80000, 0x0000000100000000)
  eden space 131072K, 0% used [0x00000000f5580000,0x00000000f5580000,0x00000000fd580000)
  from space 10752K, 82% used [0x00000000fe000000,0x00000000fe8a6200,0x00000000fea80000)
  to   space 10752K, 0% used [0x00000000fd580000,0x00000000fd580000,0x00000000fe000000)
 ParOldGen       total 175104K, used 24K [0x00000000e0000000, 0x00000000eab00000, 0x00000000f5580000)
  object space 175104K, 0% used [0x00000000e0000000,0x00000000e0006000,0x00000000eab00000)
 Metaspace       used 14131K, capacity 14630K, committed 14976K, reserved 1062912K
  class space    used 1945K, capacity 2061K, committed 2176K, reserved 1048576K
}

Deoptimization events (10 events):
Event: 2.411 Thread 0x000000000311d800 Uncommon trap: reason=unstable_if action=reinterpret pc=0x000000000348a034 method=java.lang.String.lastIndexOf([CII[CIII)I @ 66
Event: 2.865 Thread 0x000000000311d800 Uncommon trap: reason=null_assert action=make_not_entrant pc=0x00000000035f87fc method=java.util.zip.ZipEntry.<init>(Ljava/util/zip/ZipEntry;)V @ 70
Event: 2.866 Thread 0x000000000311d800 Uncommon trap: reason=null_assert action=make_not_entrant pc=0x000000000359a344 method=java.util.zip.ZipEntry.<init>(Ljava/util/zip/ZipEntry;)V @ 70
Event: 3.185 Thread 0x000000000311d800 Uncommon trap: reason=unstable_if action=reinterpret pc=0x00000000035c3128 method=java.util.Properties$LineReader.readLine()I @ 323
Event: 3.185 Thread 0x000000000311d800 Uncommon trap: reason=unstable_if action=reinterpret pc=0x00000000035bc0dc method=java.util.Properties.loadConvert([CII[C)Ljava/lang/String; @ 57
Event: 3.185 Thread 0x000000000311d800 Uncommon trap: reason=class_check action=maybe_recompile pc=0x00000000035a9490 method=java.util.regex.Matcher.match(II)Z @ 86
Event: 3.280 Thread 0x000000000311d800 Uncommon trap: reason=bimorphic action=maybe_recompile pc=0x0000000003446d68 method=java.util.HashMap.putVal(ILjava/lang/Object;Ljava/lang/Object;ZZ)Ljava/lang/Object; @ 91
Event: 3.486 Thread 0x000000000311d800 Uncommon trap: reason=unstable_if action=reinterpret pc=0x00000000035bde0c method=java.util.Properties$LineReader.readLine()I @ 323
Event: 4.729 Thread 0x000000000311d800 Uncommon trap: reason=unstable_if action=reinterpret pc=0x0000000003558458 method=java.io.WinNTFileSystem.normalize(Ljava/lang/String;)Ljava/lang/String; @ 128
Event: 6.255 Thread 0x0000000016033000 Uncommon trap: reason=unstable_if action=reinterpret pc=0x000000000367d020 method=java.util.concurrent.ConcurrentHashMap.putVal(Ljava/lang/Object;Ljava/lang/Object;Z)Ljava/lang/Object; @ 206

Classes redefined (0 events):
No events

Internal exceptions (10 events):
Event: 1.697 Thread 0x000000000311d800 Exception <a 'java/lang/ArrayIndexOutOfBoundsException'> (0x00000000f708f1b0) thrown at [C:\jenkins\workspace\zulu8-build-win64\zulu-src\hotspot\src\share\vm\runtime\sharedRuntime.cpp, line 617]
Event: 3.443 Thread 0x000000000311d800 Exception <a 'java/lang/NoSuchMethodError': java.lang.Object.lambda$get$0(Ljava/util/function/Supplier;Ljava/lang/Object;)Ljava/lang/Object;> (0x00000000f77dc818) thrown at [C:\jenkins\workspace\zulu8-build-win64\zulu-src\hotspot\src\share\vm\interpreter\
Event: 6.069 Thread 0x000000000311d800 Exception <a 'java/io/IOException'> (0x00000000f7b2ccc8) thrown at [C:\jenkins\workspace\zulu8-build-win64\zulu-src\hotspot\src\share\vm\prims\jni.cpp, line 711]
Event: 6.258 Thread 0x0000000016033000 Exception <a 'java/lang/NoSuchMethodError': <clinit>> (0x00000000f7de7248) thrown at [C:\jenkins\workspace\zulu8-build-win64\zulu-src\hotspot\src\share\vm\prims\jni.cpp, line 1616]
Event: 6.263 Thread 0x0000000016033000 Exception <a 'java/lang/NoSuchMethodError': <clinit>> (0x00000000f7df0968) thrown at [C:\jenkins\workspace\zulu8-build-win64\zulu-src\hotspot\src\share\vm\prims\jni.cpp, line 1616]
Event: 6.268 Thread 0x0000000016033000 Exception <a 'java/lang/NoSuchMethodError': <clinit>> (0x00000000f7e0cb80) thrown at [C:\jenkins\workspace\zulu8-build-win64\zulu-src\hotspot\src\share\vm\prims\jni.cpp, line 1616]
Event: 6.291 Thread 0x0000000016033000 Exception <a 'java/lang/NoSuchMethodError': <clinit>> (0x00000000f7e85610) thrown at [C:\jenkins\workspace\zulu8-build-win64\zulu-src\hotspot\src\share\vm\prims\jni.cpp, line 1616]
Event: 6.306 Thread 0x0000000016033000 Exception <a 'java/lang/NoSuchMethodError': <clinit>> (0x00000000f7ec1cb8) thrown at [C:\jenkins\workspace\zulu8-build-win64\zulu-src\hotspot\src\share\vm\prims\jni.cpp, line 1616]
Event: 6.316 Thread 0x0000000016033000 Exception <a 'java/lang/NoSuchMethodError': <clinit>> (0x00000000f7ef70d8) thrown at [C:\jenkins\workspace\zulu8-build-win64\zulu-src\hotspot\src\share\vm\prims\jni.cpp, line 1616]
Event: 7.514 Thread 0x00000000169ee800 Exception <a 'java/lang/NoSuchMethodError': java.lang.Object.lambda$static$0(Lorg/gradle/internal/state/ModelObject;)Ljava/lang/String;> (0x00000000f94b51d8) thrown at [C:\jenkins\workspace\zulu8-build-win64\zulu-src\hotspot\src\share\vm\interpreter\linkR

Events (10 events):
Event: 7.700 loading class org/gradle/vcs/internal/VcsMappingsStore
Event: 7.700 loading class org/gradle/vcs/internal/VcsMappingsStore done
Event: 7.701 loading class org/gradle/vcs/internal/resolver/VcsVersionSelectionCache
Event: 7.701 loading class org/gradle/vcs/internal/resolver/VcsVersionSelectionCache done
Event: 7.703 loading class org/gradle/vcs/internal/VcsResolver
Event: 7.703 loading class org/gradle/vcs/internal/VcsResolver done
Event: 7.703 loading class org/gradle/configurationcache/DefaultConfigurationCacheSupport
Event: 7.703 loading class org/gradle/configurationcache/DefaultConfigurationCacheSupport done
Event: 7.704 loading class org/gradle/configurationcache/BuildTreeListenerManager
Event: 7.705 loading class org/gradle/configurationcache/BuildTreeListenerManager done


Dynamic libraries:
0x00007ff785a80000 - 0x00007ff785ab5000 	C:\Users\alber\.jdks\azul-1.8.0_292\bin\java.exe
0x00007ffd643d0000 - 0x00007ffd645c5000 	C:\WINDOWS\SYSTEM32\ntdll.dll
0x00007ffd63090000 - 0x00007ffd6314d000 	C:\WINDOWS\System32\KERNEL32.DLL
0x00007ffd62160000 - 0x00007ffd62428000 	C:\WINDOWS\System32\KERNELBASE.dll
0x00007ffd62bd0000 - 0x00007ffd62c7c000 	C:\WINDOWS\System32\ADVAPI32.dll
0x00007ffd62d20000 - 0x00007ffd62dbe000 	C:\WINDOWS\System32\msvcrt.dll
0x00007ffd642f0000 - 0x00007ffd6438b000 	C:\WINDOWS\System32\sechost.dll
0x00007ffd63490000 - 0x00007ffd635bb000 	C:\WINDOWS\System32\RPCRT4.dll
0x00007ffd62560000 - 0x00007ffd62700000 	C:\WINDOWS\System32\USER32.dll
0x00007ffd62100000 - 0x00007ffd62122000 	C:\WINDOWS\System32\win32u.dll
0x00007ffd63460000 - 0x00007ffd6348a000 	C:\WINDOWS\System32\GDI32.dll
0x00007ffd61b10000 - 0x00007ffd61c1b000 	C:\WINDOWS\System32\gdi32full.dll
0x00007ffd61d80000 - 0x00007ffd61e1d000 	C:\WINDOWS\System32\msvcp_win.dll
0x00007ffd61e20000 - 0x00007ffd61f20000 	C:\WINDOWS\System32\ucrtbase.dll
0x00007ffd4f5b0000 - 0x00007ffd4f84a000 	C:\WINDOWS\WinSxS\amd64_microsoft.windows.common-controls_6595b64144ccf1df_6.0.19041.844_none_ca00b6081b84eb1d\COMCTL32.dll
0x00007ffd642c0000 - 0x00007ffd642f0000 	C:\WINDOWS\System32\IMM32.DLL
0x000000005d070000 - 0x000000005d142000 	C:\Users\alber\.jdks\azul-1.8.0_292\jre\bin\msvcr100.dll
0x000000005c430000 - 0x000000005ccf6000 	C:\Users\alber\.jdks\azul-1.8.0_292\jre\bin\server\jvm.dll
0x00007ffd637e0000 - 0x00007ffd637e8000 	C:\WINDOWS\System32\PSAPI.DLL
0x00007ffd40e20000 - 0x00007ffd40e29000 	C:\WINDOWS\SYSTEM32\WSOCK32.dll
0x00007ffd47910000 - 0x00007ffd47937000 	C:\WINDOWS\SYSTEM32\WINMM.dll
0x00007ffd635c0000 - 0x00007ffd6362b000 	C:\WINDOWS\System32\WS2_32.dll
0x00007ffd58860000 - 0x00007ffd5886a000 	C:\WINDOWS\SYSTEM32\VERSION.dll
0x00007ffd4d2b0000 - 0x00007ffd4d2bf000 	C:\Users\alber\.jdks\azul-1.8.0_292\jre\bin\verify.dll
0x00007ffd39c70000 - 0x00007ffd39c99000 	C:\Users\alber\.jdks\azul-1.8.0_292\jre\bin\java.dll
0x00007ffd368d0000 - 0x00007ffd368e6000 	C:\Users\alber\.jdks\azul-1.8.0_292\jre\bin\zip.dll
0x00007ffd637f0000 - 0x00007ffd63f32000 	C:\WINDOWS\System32\SHELL32.dll
0x00007ffd5f870000 - 0x00007ffd60001000 	C:\WINDOWS\SYSTEM32\windows.storage.dll
0x00007ffd63f60000 - 0x00007ffd642b5000 	C:\WINDOWS\System32\combase.dll
0x00007ffd614b0000 - 0x00007ffd614dc000 	C:\WINDOWS\SYSTEM32\Wldp.dll
0x00007ffd631b0000 - 0x00007ffd6325e000 	C:\WINDOWS\System32\SHCORE.dll
0x00007ffd62dc0000 - 0x00007ffd62e15000 	C:\WINDOWS\System32\shlwapi.dll
0x00007ffd61a50000 - 0x00007ffd61a6f000 	C:\WINDOWS\SYSTEM32\profapi.dll
0x00007ffd36760000 - 0x00007ffd3677b000 	C:\Users\alber\.jdks\azul-1.8.0_292\jre\bin\net.dll
0x00007ffd61220000 - 0x00007ffd6128a000 	C:\WINDOWS\system32\mswsock.dll
0x00007ffd36740000 - 0x00007ffd36751000 	C:\Users\alber\.jdks\azul-1.8.0_292\jre\bin\nio.dll
0x00007ffd36a30000 - 0x00007ffd36a57000 	C:\Users\alber\.gradle\native\49d0259a56938c7f99b2704e745ce422c4f750a7a20b539a32ccef96729676b1\windows-amd64\native-platform.dll
0x00007ffd22b80000 - 0x00007ffd22d11000 	C:\Users\alber\.gradle\native\12488b8bf47d2d4c9fbf2f6322a914ad602e24e48041cd04a747c6da556b65c4\windows-amd64\native-platform-file-events.dll
0x00007ffd46560000 - 0x00007ffd4656d000 	C:\Users\alber\.jdks\azul-1.8.0_292\jre\bin\management.dll
0x00007ffd613f0000 - 0x00007ffd61408000 	C:\WINDOWS\SYSTEM32\CRYPTSP.dll
0x00007ffd60bc0000 - 0x00007ffd60bf4000 	C:\WINDOWS\system32\rsaenh.dll
0x00007ffd62130000 - 0x00007ffd62157000 	C:\WINDOWS\System32\bcrypt.dll
0x00007ffd61a10000 - 0x00007ffd61a3e000 	C:\WINDOWS\SYSTEM32\USERENV.dll
0x00007ffd62080000 - 0x00007ffd62100000 	C:\WINDOWS\System32\bcryptprimitives.dll
0x00007ffd61410000 - 0x00007ffd6141c000 	C:\WINDOWS\SYSTEM32\CRYPTBASE.dll
0x00007ffd60f10000 - 0x00007ffd60f4b000 	C:\WINDOWS\SYSTEM32\IPHLPAPI.DLL
0x00007ffd62d10000 - 0x00007ffd62d18000 	C:\WINDOWS\System32\NSI.dll
0x00007ffd4fdd0000 - 0x00007ffd4fde7000 	C:\WINDOWS\SYSTEM32\dhcpcsvc6.DLL
0x00007ffd50c80000 - 0x00007ffd50c9d000 	C:\WINDOWS\SYSTEM32\dhcpcsvc.DLL
0x00007ffd60f50000 - 0x00007ffd6101c000 	C:\WINDOWS\SYSTEM32\DNSAPI.dll

VM Arguments:
jvm_args: -XX:MaxMetaspaceSize=256m -XX:+HeapDumpOnOutOfMemoryError -Xms256m -Xmx512m -Dfile.encoding=windows-1252 -Duser.country=IT -Duser.language=it -Duser.variant 
java_command: org.gradle.launcher.daemon.bootstrap.GradleDaemon 7.0
java_class_path (initial): C:\Users\alber\.gradle\wrapper\dists\gradle-7.0-bin\2p9ebqfz6ilrfozi676ogco7n\gradle-7.0\lib\gradle-launcher-7.0.jar
Launcher Type: SUN_STANDARD

Environment Variables:
PATH=C:\Program Files\Java\jdk1.8.0_291\bin;C:\Program Files\Java\jdk-11.0.10\bin;C:\WINDOWS\system32;C:\WINDOWS;C:\WINDOWS\System32\Wbem;C:\WINDOWS\System32\WindowsPowerShell\v1.0\;C:\WINDOWS\System32\OpenSSH\;C:\Users\alber\Downloads\gradle-6.6-all\gradle-6.6\bin;C:\Users\alber\AppData\Local\Microsoft\WindowsApps;C:\Users\alber\AppData\Local\GitHubDesktop\bin;C:\adb;C:\Program Files\Git\cmd;C:\Program Files (x86)\scala\bin;C:\Program Files\PuTTY\;C:\Program Files\nodejs\;C:\apache-maven-3.8.1-bin\apache-maven-3.8.1\bin;C:\Users\alber\AppData\Local\Microsoft\WindowsApps;C:\Program Files\JetBrains\IntelliJ IDEA 2020.3.2\bin;;C:\Program Files\JetBrains\WebStorm 2020.3.2\bin;;C:\Users\alber\AppData\Roaming\npm
USERNAME=AD
OS=Windows_NT
PROCESSOR_IDENTIFIER=Intel64 Family 6 Model 122 Stepping 1, GenuineIntel



---------------  S Y S T E M  ---------------

OS: Windows 10.0 , 64 bit Build 19041 (10.0.19041.804)

CPU:total 2 (initial active 2) (2 cores per cpu, 1 threads per core) family 6 model 122 stepping 1, cmov, cx8, fxsr, mmx, sse, sse2, sse3, ssse3, sse4.1, sse4.2, popcnt, aes, clmul, erms, 3dnowpref, tsc, tscinvbit

Memory: 4k page, physical 4012716k(230292k free), swap 9581952k(5688k free)

vm_info: OpenJDK 64-Bit Server VM (25.292-b10) for windows-amd64 JRE (Zulu 8.54.0.21-CA-win64) (1.8.0_292-b10), built on Apr  6 2021 10:31:04 by "tester" with MS VC++ 10.0 (VS2010)

time: Tue Apr 27 08:13:57 2021
timezone: ora legale Europa occidentale
elapsed time: 7.724367 seconds (0d 0h 0m 7s)

