#
# There is insufficient memory for the Java Runtime Environment to continue.
# Native memory allocation (malloc) failed to allocate 683856 bytes for Chunk::new
# Possible reasons:
#   The system is out of physical RAM or swap space
#   The process is running with CompressedOops enabled, and the Java Heap may be blocking the growth of the native heap
# Possible solutions:
#   Reduce memory load on the system
#   Increase physical memory or swap space
#   Check if swap backing store is full
#   Decrease Java heap size (-Xmx/-Xms)
#   Decrease number of Java threads
#   Decrease Java thread stack sizes (-Xss)
#   Set larger code cache with -XX:ReservedCodeCacheSize=
#   JVM is running with Unscaled Compressed Oops mode in which the Java heap is
#     placed in the first 4GB address space. The Java Heap base address is the
#     maximum limit for the native heap growth. Please use -XX:HeapBaseMinAddress
#     to set the Java Heap base and to place the Java Heap above 4GB virtual address.
# This output file may be truncated or incomplete.
#
#  Out of Memory Error (allocation.cpp:389), pid=13044, tid=0x000000000000233c
#
# JRE version: OpenJDK Runtime Environment (Zulu 8.54.0.21-CA-win64) (8.0_292-b10) (build 1.8.0_292-b10)
# Java VM: OpenJDK 64-Bit Server VM (25.292-b10 mixed mode windows-amd64 compressed oops)
# Failed to write core dump. Minidumps are not enabled by default on client versions of Windows
#

---------------  T H R E A D  ---------------

Current thread (0x0000000014187000):  JavaThread "C2 CompilerThread0" daemon [_thread_in_native, id=9020, stack(0x00000000151f0000,0x00000000152f0000)]

Stack: [0x00000000151f0000,0x00000000152f0000]
[error occurred during error reporting (printing stack bounds), id 0xc0000005]

Native frames: (J=compiled Java code, j=interpreted, Vv=VM code, C=native code)


Current CompileTask:
C2:  18382 3260   !   4       java.net.URLClassLoader$1::run (63 bytes)


---------------  P R O C E S S  ---------------

Java Threads: ( => current thread )
  0x0000000018cbb000 JavaThread "Memory manager" [_thread_blocked, id=9332, stack(0x000000001cca0000,0x000000001cda0000)]
  0x0000000018cbf800 JavaThread "Cache worker for Build Output Cleanup Cache (C:\Users\alber\Desktop\labpps1\pps-ci-lab\.gradle\buildOutputCleanup)" [_thread_blocked, id=5704, stack(0x000000001c7a0000,0x000000001c8a0000)]
  0x0000000018cbd000 JavaThread "Cache worker for kotlin-dsl (C:\Users\alber\.gradle\caches\7.0\kotlin-dsl)" [_thread_blocked, id=13216, stack(0x000000001c6a0000,0x000000001c7a0000)]
  0x0000000018cbf000 JavaThread "Cache worker for dependencies-accessors (C:\Users\alber\Desktop\labpps1\pps-ci-lab\.gradle\7.0\dependencies-accessors)" [_thread_blocked, id=2208, stack(0x000000001c3a0000,0x000000001c4a0000)]
  0x0000000018cbc800 JavaThread "Cache worker for file content cache (C:\Users\alber\.gradle\caches\7.0\fileContent)" [_thread_blocked, id=10176, stack(0x000000001c0a0000,0x000000001c1a0000)]
  0x0000000018cbe000 JavaThread "jar transforms Thread 2" [_thread_blocked, id=4508, stack(0x000000001b9a0000,0x000000001baa0000)]
  0x0000000016583800 JavaThread "jar transforms" [_thread_blocked, id=3808, stack(0x000000001b8a0000,0x000000001b9a0000)]
  0x0000000016586800 JavaThread "Cache worker for execution history cache (C:\Users\alber\.gradle\caches\7.0\executionHistory)" [_thread_blocked, id=8376, stack(0x000000001b7a0000,0x000000001b8a0000)]
  0x000000001658a800 JavaThread "Cache worker for cache directory md-rule (C:\Users\alber\.gradle\caches\7.0\md-rule)" [_thread_blocked, id=5392, stack(0x000000001b4a0000,0x000000001b5a0000)]
  0x0000000016589800 JavaThread "Cache worker for cache directory md-supplier (C:\Users\alber\.gradle\caches\7.0\md-supplier)" [_thread_blocked, id=10704, stack(0x000000001b3a0000,0x000000001b4a0000)]
  0x0000000016589000 JavaThread "Cache worker for checksums cache (C:\Users\alber\Desktop\labpps1\pps-ci-lab\.gradle\checksums)" [_thread_blocked, id=13076, stack(0x0000000019e40000,0x0000000019f40000)]
  0x0000000016587800 JavaThread "File watcher consumer" daemon [_thread_blocked, id=4548, stack(0x0000000019d40000,0x0000000019e40000)]
  0x0000000016586000 JavaThread "File watcher server" daemon [_thread_in_native, id=6684, stack(0x0000000019c40000,0x0000000019d40000)]
  0x0000000016588000 JavaThread "Cache worker for file hash cache (C:\Users\alber\Desktop\labpps1\pps-ci-lab\.gradle\7.0\fileHashes)" [_thread_blocked, id=13288, stack(0x0000000019b40000,0x0000000019c40000)]
  0x0000000016585000 JavaThread "Cache worker for journal cache (C:\Users\alber\.gradle\caches\journal-1)" [_thread_blocked, id=9124, stack(0x0000000018a70000,0x0000000018b70000)]
  0x0000000016584000 JavaThread "File lock request listener" [_thread_in_native, id=2664, stack(0x0000000018770000,0x0000000018870000)]
  0x0000000015867000 JavaThread "Cache worker for file hash cache (C:\Users\alber\.gradle\caches\7.0\fileHashes)" [_thread_blocked, id=11584, stack(0x0000000018670000,0x0000000018770000)]
  0x0000000016257000 JavaThread "Daemon client event forwarder" [_thread_blocked, id=6776, stack(0x0000000018370000,0x0000000018470000)]
  0x0000000015daa800 JavaThread "Stdin handler" [_thread_blocked, id=8400, stack(0x0000000018270000,0x0000000018370000)]
  0x0000000015da9800 JavaThread "Asynchronous log dispatcher for DefaultDaemonConnection: socket connection from /127.0.0.1:64400 to /127.0.0.1:64401" [_thread_blocked, id=9892, stack(0x0000000018170000,0x0000000018270000)]
  0x0000000015fc5800 JavaThread "Daemon worker" [_thread_in_vm, id=7440, stack(0x0000000018070000,0x0000000018170000)]
  0x0000000015fc0800 JavaThread "Cancel handler" [_thread_blocked, id=10736, stack(0x0000000017f70000,0x0000000018070000)]
  0x0000000015d47800 JavaThread "Handler for socket connection from /127.0.0.1:64400 to /127.0.0.1:64401" [_thread_in_native, id=12384, stack(0x0000000017e70000,0x0000000017f70000)]
  0x0000000015d46800 JavaThread "Daemon" [_thread_blocked, id=3588, stack(0x0000000017d70000,0x0000000017e70000)]
  0x0000000016477000 JavaThread "Daemon periodic checks" [_thread_blocked, id=9220, stack(0x0000000017c70000,0x0000000017d70000)]
  0x0000000016476000 JavaThread "Incoming local TCP Connector on port 64400" [_thread_in_native, id=3536, stack(0x0000000017800000,0x0000000017900000)]
  0x0000000016664800 JavaThread "Daemon health stats" [_thread_blocked, id=2872, stack(0x00000000173c0000,0x00000000174c0000)]
  0x00000000141fa000 JavaThread "Service Thread" daemon [_thread_blocked, id=12464, stack(0x00000000153f0000,0x00000000154f0000)]
  0x000000001418e000 JavaThread "C1 CompilerThread1" daemon [_thread_in_native, id=9868, stack(0x00000000152f0000,0x00000000153f0000)]
=>0x0000000014187000 JavaThread "C2 CompilerThread0" daemon [_thread_in_native, id=9020, stack(0x00000000151f0000,0x00000000152f0000)]
  0x0000000014182000 JavaThread "Attach Listener" daemon [_thread_blocked, id=11072, stack(0x00000000150f0000,0x00000000151f0000)]
  0x0000000014181000 JavaThread "Signal Dispatcher" daemon [_thread_blocked, id=13200, stack(0x0000000014ff0000,0x00000000150f0000)]
  0x0000000002f91800 JavaThread "Finalizer" daemon [_thread_blocked, id=2132, stack(0x0000000014dd0000,0x0000000014ed0000)]
  0x0000000014167000 JavaThread "Reference Handler" daemon [_thread_blocked, id=7524, stack(0x0000000014cd0000,0x0000000014dd0000)]
  0x0000000000dbd800 JavaThread "main" [_thread_blocked, id=12172, stack(0x0000000002d70000,0x0000000002e70000)]

Other Threads:
  0x0000000014145800 VMThread [stack: 0x0000000014bd0000,0x0000000014cd0000] [id=12472]
  0x0000000014216000 WatcherThread [stack: 0x00000000154f0000,0x00000000155f0000] [id=12828]

VM state:not at safepoint (normal execution)

VM Mutex/Monitor currently owned by a thread: None

heap address: 0x00000000e0000000, size: 512 MB, Compressed Oops mode: 32-bit
Narrow klass base: 0x0000000000000000, Narrow klass shift: 3
Compressed class space size: 1073741824 Address: 0x0000000100000000

Heap:
 PSYoungGen      total 76288K, used 10302K [0x00000000f5580000, 0x00000000faa80000, 0x0000000100000000)
  eden space 65536K, 5% used [0x00000000f5580000,0x00000000f593b4e8,0x00000000f9580000)
  from space 10752K, 60% used [0x00000000fa000000,0x00000000fa654420,0x00000000faa80000)
  to   space 10752K, 0% used [0x00000000f9580000,0x00000000f9580000,0x00000000fa000000)
 ParOldGen       total 175104K, used 15973K [0x00000000e0000000, 0x00000000eab00000, 0x00000000f5580000)
  object space 175104K, 9% used [0x00000000e0000000,0x00000000e0f99518,0x00000000eab00000)
 Metaspace       used 44580K, capacity 46704K, committed 46976K, reserved 1089536K
  class space    used 6350K, capacity 6737K, committed 6784K, reserved 1048576K

Card table byte_map: [0x0000000012360000,0x0000000012470000] byte_map_base: 0x0000000011c60000

Marking Bits: (ParMarkBitMap*) 0x000000005cc72f00
 Begin Bits: [0x0000000012720000, 0x0000000012f20000)
 End Bits:   [0x0000000012f20000, 0x0000000013720000)

Polling page: 0x0000000001100000

CodeCache: size=245760Kb used=12197Kb max_used=12197Kb free=233562Kb
 bounds [0x0000000002fa0000, 0x0000000003b90000, 0x0000000011fa0000]
 total_blobs=3974 nmethods=3228 adapters=658
 compilation: enabled

Compilation events (10 events):
Event: 18.374 Thread 0x000000001418e000 nmethod 3457 0x0000000003b84190 code [0x0000000003b84300, 0x0000000003b84650]
Event: 18.374 Thread 0x000000001418e000 3458       3       kotlin.reflect.jvm.internal.impl.storage.LockBasedStorageManager::createMemoizedFunction (27 bytes)
Event: 18.375 Thread 0x000000001418e000 nmethod 3458 0x0000000003b84750 code [0x0000000003b84920, 0x0000000003b84df8]
Event: 18.375 Thread 0x000000001418e000 3459       3       java.util.ArrayList::toArray (12 bytes)
Event: 18.375 Thread 0x000000001418e000 nmethod 3459 0x0000000003b84fd0 code [0x0000000003b85140, 0x0000000003b853e8]
Event: 18.375 Thread 0x000000001418e000 3460       3       kotlin.reflect.jvm.internal.impl.name.ClassId::<init> (90 bytes)
Event: 18.375 Thread 0x000000001418e000 nmethod 3460 0x0000000003b854d0 code [0x0000000003b85660, 0x0000000003b85978]
Event: 18.376 Thread 0x000000001418e000 3461       3       kotlin.sequences.SequenceBuilderIterator::hasNext (138 bytes)
Event: 18.377 Thread 0x000000001418e000 nmethod 3461 0x0000000003b85a90 code [0x0000000003b85d00, 0x0000000003b86ba8]
Event: 18.377 Thread 0x000000001418e000 3462   !   3       kotlin.coroutines.jvm.internal.BaseContinuationImpl::resumeWith (142 bytes)

GC Heap History (10 events):
Event: 14.477 GC heap before
{Heap before GC invocations=8 (full 1):
 PSYoungGen      total 76288K, used 31177K [0x00000000f5580000, 0x00000000faa80000, 0x0000000100000000)
  eden space 65536K, 31% used [0x00000000f5580000,0x00000000f69ba1b8,0x00000000f9580000)
  from space 10752K, 97% used [0x00000000fa000000,0x00000000faa38518,0x00000000faa80000)
  to   space 10752K, 0% used [0x00000000f9580000,0x00000000f9580000,0x00000000fa000000)
 ParOldGen       total 175104K, used 8781K [0x00000000e0000000, 0x00000000eab00000, 0x00000000f5580000)
  object space 175104K, 5% used [0x00000000e0000000,0x00000000e0893658,0x00000000eab00000)
 Metaspace       used 33868K, capacity 35294K, committed 35456K, reserved 1079296K
  class space    used 4822K, capacity 5134K, committed 5248K, reserved 1048576K
Event: 14.557 GC heap after
Heap after GC invocations=8 (full 1):
 PSYoungGen      total 76288K, used 7849K [0x00000000f5580000, 0x00000000faa80000, 0x0000000100000000)
  eden space 65536K, 0% used [0x00000000f5580000,0x00000000f5580000,0x00000000f9580000)
  from space 10752K, 73% used [0x00000000f9580000,0x00000000f9d2a5e8,0x00000000fa000000)
  to   space 10752K, 0% used [0x00000000fa000000,0x00000000fa000000,0x00000000faa80000)
 ParOldGen       total 175104K, used 8781K [0x00000000e0000000, 0x00000000eab00000, 0x00000000f5580000)
  object space 175104K, 5% used [0x00000000e0000000,0x00000000e0893658,0x00000000eab00000)
 Metaspace       used 33868K, capacity 35294K, committed 35456K, reserved 1079296K
  class space    used 4822K, capacity 5134K, committed 5248K, reserved 1048576K
}
Event: 14.557 GC heap before
{Heap before GC invocations=9 (full 2):
 PSYoungGen      total 76288K, used 7849K [0x00000000f5580000, 0x00000000faa80000, 0x0000000100000000)
  eden space 65536K, 0% used [0x00000000f5580000,0x00000000f5580000,0x00000000f9580000)
  from space 10752K, 73% used [0x00000000f9580000,0x00000000f9d2a5e8,0x00000000fa000000)
  to   space 10752K, 0% used [0x00000000fa000000,0x00000000fa000000,0x00000000faa80000)
 ParOldGen       total 175104K, used 8781K [0x00000000e0000000, 0x00000000eab00000, 0x00000000f5580000)
  object space 175104K, 5% used [0x00000000e0000000,0x00000000e0893658,0x00000000eab00000)
 Metaspace       used 33868K, capacity 35294K, committed 35456K, reserved 1079296K
  class space    used 4822K, capacity 5134K, committed 5248K, reserved 1048576K
Event: 14.773 GC heap after
Heap after GC invocations=9 (full 2):
 PSYoungGen      total 76288K, used 0K [0x00000000f5580000, 0x00000000faa80000, 0x0000000100000000)
  eden space 65536K, 0% used [0x00000000f5580000,0x00000000f5580000,0x00000000f9580000)
  from space 10752K, 0% used [0x00000000f9580000,0x00000000f9580000,0x00000000fa000000)
  to   space 10752K, 0% used [0x00000000fa000000,0x00000000fa000000,0x00000000faa80000)
 ParOldGen       total 175104K, used 14717K [0x00000000e0000000, 0x00000000eab00000, 0x00000000f5580000)
  object space 175104K, 8% used [0x00000000e0000000,0x00000000e0e5f7b8,0x00000000eab00000)
 Metaspace       used 33868K, capacity 35294K, committed 35456K, reserved 1079296K
  class space    used 4822K, capacity 5134K, committed 5248K, reserved 1048576K
}
Event: 15.954 GC heap before
{Heap before GC invocations=10 (full 2):
 PSYoungGen      total 76288K, used 65536K [0x00000000f5580000, 0x00000000faa80000, 0x0000000100000000)
  eden space 65536K, 100% used [0x00000000f5580000,0x00000000f9580000,0x00000000f9580000)
  from space 10752K, 0% used [0x00000000f9580000,0x00000000f9580000,0x00000000fa000000)
  to   space 10752K, 0% used [0x00000000fa000000,0x00000000fa000000,0x00000000faa80000)
 ParOldGen       total 175104K, used 14717K [0x00000000e0000000, 0x00000000eab00000, 0x00000000f5580000)
  object space 175104K, 8% used [0x00000000e0000000,0x00000000e0e5f7b8,0x00000000eab00000)
 Metaspace       used 37273K, capacity 39056K, committed 39168K, reserved 1083392K
  class space    used 5234K, capacity 5566K, committed 5632K, reserved 1048576K
Event: 15.963 GC heap after
Heap after GC invocations=10 (full 2):
 PSYoungGen      total 76288K, used 3496K [0x00000000f5580000, 0x00000000faa80000, 0x0000000100000000)
  eden space 65536K, 0% used [0x00000000f5580000,0x00000000f5580000,0x00000000f9580000)
  from space 10752K, 32% used [0x00000000fa000000,0x00000000fa36a1d8,0x00000000faa80000)
  to   space 10752K, 0% used [0x00000000f9580000,0x00000000f9580000,0x00000000fa000000)
 ParOldGen       total 175104K, used 14725K [0x00000000e0000000, 0x00000000eab00000, 0x00000000f5580000)
  object space 175104K, 8% used [0x00000000e0000000,0x00000000e0e617b8,0x00000000eab00000)
 Metaspace       used 37273K, capacity 39056K, committed 39168K, reserved 1083392K
  class space    used 5234K, capacity 5566K, committed 5632K, reserved 1048576K
}
Event: 17.298 GC heap before
{Heap before GC invocations=11 (full 2):
 PSYoungGen      total 76288K, used 69032K [0x00000000f5580000, 0x00000000faa80000, 0x0000000100000000)
  eden space 65536K, 100% used [0x00000000f5580000,0x00000000f9580000,0x00000000f9580000)
  from space 10752K, 32% used [0x00000000fa000000,0x00000000fa36a1d8,0x00000000faa80000)
  to   space 10752K, 0% used [0x00000000f9580000,0x00000000f9580000,0x00000000fa000000)
 ParOldGen       total 175104K, used 14725K [0x00000000e0000000, 0x00000000eab00000, 0x00000000f5580000)
  object space 175104K, 8% used [0x00000000e0000000,0x00000000e0e617b8,0x00000000eab00000)
 Metaspace       used 41605K, capacity 43742K, committed 43776K, reserved 1087488K
  class space    used 5960K, capacity 6376K, committed 6400K, reserved 1048576K
Event: 17.319 GC heap after
Heap after GC invocations=11 (full 2):
 PSYoungGen      total 76288K, used 5930K [0x00000000f5580000, 0x00000000faa80000, 0x0000000100000000)
  eden space 65536K, 0% used [0x00000000f5580000,0x00000000f5580000,0x00000000f9580000)
  from space 10752K, 55% used [0x00000000f9580000,0x00000000f9b4aa50,0x00000000fa000000)
  to   space 10752K, 0% used [0x00000000fa000000,0x00000000fa000000,0x00000000faa80000)
 ParOldGen       total 175104K, used 14725K [0x00000000e0000000, 0x00000000eab00000, 0x00000000f5580000)
  object space 175104K, 8% used [0x00000000e0000000,0x00000000e0e617b8,0x00000000eab00000)
 Metaspace       used 41605K, capacity 43742K, committed 43776K, reserved 1087488K
  class space    used 5960K, capacity 6376K, committed 6400K, reserved 1048576K
}
Event: 18.298 GC heap before
{Heap before GC invocations=12 (full 2):
 PSYoungGen      total 76288K, used 71466K [0x00000000f5580000, 0x00000000faa80000, 0x0000000100000000)
  eden space 65536K, 100% used [0x00000000f5580000,0x00000000f9580000,0x00000000f9580000)
  from space 10752K, 55% used [0x00000000f9580000,0x00000000f9b4aa50,0x00000000fa000000)
  to   space 10752K, 0% used [0x00000000fa000000,0x00000000fa000000,0x00000000faa80000)
 ParOldGen       total 175104K, used 14725K [0x00000000e0000000, 0x00000000eab00000, 0x00000000f5580000)
  object space 175104K, 8% used [0x00000000e0000000,0x00000000e0e617b8,0x00000000eab00000)
 Metaspace       used 44416K, capacity 46576K, committed 46720K, reserved 1089536K
  class space    used 6332K, capacity 6737K, committed 6784K, reserved 1048576K
Event: 18.314 GC heap after
Heap after GC invocations=12 (full 2):
 PSYoungGen      total 76288K, used 6481K [0x00000000f5580000, 0x00000000faa80000, 0x0000000100000000)
  eden space 65536K, 0% used [0x00000000f5580000,0x00000000f5580000,0x00000000f9580000)
  from space 10752K, 60% used [0x00000000fa000000,0x00000000fa654420,0x00000000faa80000)
  to   space 10752K, 0% used [0x00000000f9580000,0x00000000f9580000,0x00000000fa000000)
 ParOldGen       total 175104K, used 15973K [0x00000000e0000000, 0x00000000eab00000, 0x00000000f5580000)
  object space 175104K, 9% used [0x00000000e0000000,0x00000000e0f99518,0x00000000eab00000)
 Metaspace       used 44416K, capacity 46576K, committed 46720K, reserved 1089536K
  class space    used 6332K, capacity 6737K, committed 6784K, reserved 1048576K
}

Deoptimization events (10 events):
Event: 17.361 Thread 0x0000000015fc5800 Uncommon trap: reason=unstable_if action=reinterpret pc=0x00000000037a0e00 method=java.lang.String.regionMatches(ZILjava/lang/String;II)Z @ 41
Event: 17.363 Thread 0x0000000015fc5800 Uncommon trap: reason=class_check action=maybe_recompile pc=0x000000000316b8e4 method=sun.misc.URLClassPath.getLoader(I)Lsun/misc/URLClassPath$Loader; @ 239
Event: 17.363 Thread 0x0000000015fc5800 Uncommon trap: reason=class_check action=maybe_recompile pc=0x000000000329b26c method=sun.misc.URLClassPath.getResource(Ljava/lang/String;Z)Lsun/misc/Resource; @ 62
Event: 17.363 Thread 0x0000000015fc5800 Uncommon trap: reason=unstable_if action=reinterpret pc=0x00000000034f60e8 method=java.lang.String.regionMatches(ZILjava/lang/String;II)Z @ 41
Event: 17.364 Thread 0x0000000015fc5800 Uncommon trap: reason=class_check action=maybe_recompile pc=0x000000000316b8e4 method=sun.misc.URLClassPath.getLoader(I)Lsun/misc/URLClassPath$Loader; @ 239
Event: 17.364 Thread 0x0000000015fc5800 Uncommon trap: reason=class_check action=maybe_recompile pc=0x000000000329b26c method=sun.misc.URLClassPath.getResource(Ljava/lang/String;Z)Lsun/misc/Resource; @ 62
Event: 17.371 Thread 0x0000000015fc5800 Uncommon trap: reason=class_check action=maybe_recompile pc=0x000000000316b8e4 method=sun.misc.URLClassPath.getLoader(I)Lsun/misc/URLClassPath$Loader; @ 239
Event: 17.371 Thread 0x0000000015fc5800 Uncommon trap: reason=class_check action=maybe_recompile pc=0x000000000329b26c method=sun.misc.URLClassPath.getResource(Ljava/lang/String;Z)Lsun/misc/Resource; @ 62
Event: 17.379 Thread 0x0000000015fc5800 Uncommon trap: reason=class_check action=maybe_recompile pc=0x00000000032f5e08 method=sun.misc.URLClassPath.getLoader(I)Lsun/misc/URLClassPath$Loader; @ 239
Event: 17.569 Thread 0x0000000015fc5800 Uncommon trap: reason=unstable_if action=reinterpret pc=0x00000000033c6824 method=java.lang.String.lastIndexOf([CII[CIII)I @ 17

Classes redefined (0 events):
No events

Internal exceptions (10 events):
Event: 17.368 Thread 0x0000000015fc5800 Exception <a 'java/lang/ClassNotFoundException': org/gradle/api/plugins/BasePluginConventionCustomizer> (0x00000000f579c448) thrown at [C:\jenkins\workspace\zulu8-build-win64\zulu-src\hotspot\src\share\vm\classfile\systemDictionary.cpp, line 220]
Event: 17.371 Thread 0x0000000015fc5800 Exception <a 'java/lang/ClassNotFoundException': org/gradle/api/plugins/internal/DefaultBasePluginConventionCustomizer> (0x00000000f5823870) thrown at [C:\jenkins\workspace\zulu8-build-win64\zulu-src\hotspot\src\share\vm\classfile\systemDictionary.cpp, li
Event: 17.379 Thread 0x0000000015fc5800 Exception <a 'java/lang/ClassNotFoundException': org/gradle/api/plugins/internal/DefaultJavaPluginConventionBeanInfo> (0x00000000f58cfab8) thrown at [C:\jenkins\workspace\zulu8-build-win64\zulu-src\hotspot\src\share\vm\classfile\systemDictionary.cpp, line
Event: 17.384 Thread 0x0000000015fc5800 Exception <a 'java/lang/ClassNotFoundException': org/gradle/api/plugins/JavaPluginConventionBeanInfo> (0x00000000f5916830) thrown at [C:\jenkins\workspace\zulu8-build-win64\zulu-src\hotspot\src\share\vm\classfile\systemDictionary.cpp, line 220]
Event: 17.386 Thread 0x0000000015fc5800 Exception <a 'java/lang/ClassNotFoundException': org/gradle/api/plugins/JavaPluginConventionCustomizer> (0x00000000f595eba0) thrown at [C:\jenkins\workspace\zulu8-build-win64\zulu-src\hotspot\src\share\vm\classfile\systemDictionary.cpp, line 220]
Event: 17.389 Thread 0x0000000015fc5800 Exception <a 'java/lang/ClassNotFoundException': org/gradle/api/plugins/internal/DefaultJavaPluginConventionCustomizer> (0x00000000f59d1e30) thrown at [C:\jenkins\workspace\zulu8-build-win64\zulu-src\hotspot\src\share\vm\classfile\systemDictionary.cpp, li
Event: 17.398 Thread 0x0000000015fc5800 Exception <a 'java/lang/ClassNotFoundException': org/gradle/api/plugins/internal/DefaultApplicationPluginConventionBeanInfo> (0x00000000f5ab1450) thrown at [C:\jenkins\workspace\zulu8-build-win64\zulu-src\hotspot\src\share\vm\classfile\systemDictionary.cp
Event: 17.399 Thread 0x0000000015fc5800 Exception <a 'java/lang/ClassNotFoundException': org/gradle/api/plugins/ApplicationPluginConventionBeanInfo> (0x00000000f5afb948) thrown at [C:\jenkins\workspace\zulu8-build-win64\zulu-src\hotspot\src\share\vm\classfile\systemDictionary.cpp, line 220]
Event: 17.401 Thread 0x0000000015fc5800 Exception <a 'java/lang/ClassNotFoundException': org/gradle/api/plugins/ApplicationPluginConventionCustomizer> (0x00000000f5b49468) thrown at [C:\jenkins\workspace\zulu8-build-win64\zulu-src\hotspot\src\share\vm\classfile\systemDictionary.cpp, line 220]
Event: 17.403 Thread 0x0000000015fc5800 Exception <a 'java/lang/ClassNotFoundException': org/gradle/api/plugins/internal/DefaultApplicationPluginConventionCustomizer> (0x00000000f5bba8f8) thrown at [C:\jenkins\workspace\zulu8-build-win64\zulu-src\hotspot\src\share\vm\classfile\systemDictionary.

Events (10 events):
Event: 18.353 loading class com/google/common/collect/Iterators$ConcatenatedIterator
Event: 18.353 loading class com/google/common/collect/Iterators$ConcatenatedIterator done
Event: 18.354 loading class org/gradle/api/internal/tasks/DefaultTaskCollection$1$2$1
Event: 18.354 loading class org/gradle/api/internal/tasks/DefaultTaskCollection$1$2$1 done
Event: 18.362 loading class kotlin/reflect/jvm/internal/impl/descriptors/runtime/components/ReflectAnnotationSource
Event: 18.362 loading class kotlin/reflect/jvm/internal/impl/descriptors/runtime/components/ReflectAnnotationSource done
Event: 18.363 loading class kotlin/reflect/jvm/internal/impl/load/java/JvmAnnotationNames
Event: 18.363 loading class kotlin/reflect/jvm/internal/impl/load/java/JvmAnnotationNames done
Event: 18.364 loading class kotlin/reflect/jvm/internal/impl/resolve/jvm/JvmClassName
Event: 18.364 loading class kotlin/reflect/jvm/internal/impl/resolve/jvm/JvmClassName done


Dynamic libraries:
0x00007ff7e48c0000 - 0x00007ff7e48f5000 	C:\Users\alber\.jdks\azul-1.8.0_292\bin\java.exe
0x00007ffd643d0000 - 0x00007ffd645c5000 	C:\WINDOWS\SYSTEM32\ntdll.dll
0x00007ffd63090000 - 0x00007ffd6314d000 	C:\WINDOWS\System32\KERNEL32.DLL
0x00007ffd62160000 - 0x00007ffd62428000 	C:\WINDOWS\System32\KERNELBASE.dll
0x00007ffd62bd0000 - 0x00007ffd62c7c000 	C:\WINDOWS\System32\ADVAPI32.dll
0x00007ffd62d20000 - 0x00007ffd62dbe000 	C:\WINDOWS\System32\msvcrt.dll
0x00007ffd642f0000 - 0x00007ffd6438b000 	C:\WINDOWS\System32\sechost.dll
0x00007ffd63490000 - 0x00007ffd635bb000 	C:\WINDOWS\System32\RPCRT4.dll
0x00007ffd62560000 - 0x00007ffd62700000 	C:\WINDOWS\System32\USER32.dll
0x00007ffd62100000 - 0x00007ffd62122000 	C:\WINDOWS\System32\win32u.dll
0x00007ffd63460000 - 0x00007ffd6348a000 	C:\WINDOWS\System32\GDI32.dll
0x00007ffd61b10000 - 0x00007ffd61c1b000 	C:\WINDOWS\System32\gdi32full.dll
0x00007ffd61d80000 - 0x00007ffd61e1d000 	C:\WINDOWS\System32\msvcp_win.dll
0x00007ffd61e20000 - 0x00007ffd61f20000 	C:\WINDOWS\System32\ucrtbase.dll
0x00007ffd4f5b0000 - 0x00007ffd4f84a000 	C:\WINDOWS\WinSxS\amd64_microsoft.windows.common-controls_6595b64144ccf1df_6.0.19041.844_none_ca00b6081b84eb1d\COMCTL32.dll
0x00007ffd642c0000 - 0x00007ffd642f0000 	C:\WINDOWS\System32\IMM32.DLL
0x000000005d070000 - 0x000000005d142000 	C:\Users\alber\.jdks\azul-1.8.0_292\jre\bin\msvcr100.dll
0x000000005c430000 - 0x000000005ccf6000 	C:\Users\alber\.jdks\azul-1.8.0_292\jre\bin\server\jvm.dll
0x00007ffd637e0000 - 0x00007ffd637e8000 	C:\WINDOWS\System32\PSAPI.DLL
0x00007ffd40e20000 - 0x00007ffd40e29000 	C:\WINDOWS\SYSTEM32\WSOCK32.dll
0x00007ffd635c0000 - 0x00007ffd6362b000 	C:\WINDOWS\System32\WS2_32.dll
0x00007ffd47910000 - 0x00007ffd47937000 	C:\WINDOWS\SYSTEM32\WINMM.dll
0x00007ffd58860000 - 0x00007ffd5886a000 	C:\WINDOWS\SYSTEM32\VERSION.dll
0x00007ffd59720000 - 0x00007ffd5972f000 	C:\Users\alber\.jdks\azul-1.8.0_292\jre\bin\verify.dll
0x00007ffd596f0000 - 0x00007ffd59719000 	C:\Users\alber\.jdks\azul-1.8.0_292\jre\bin\java.dll
0x00007ffd2a9b0000 - 0x00007ffd2a9c6000 	C:\Users\alber\.jdks\azul-1.8.0_292\jre\bin\zip.dll
0x00007ffd637f0000 - 0x00007ffd63f32000 	C:\WINDOWS\System32\SHELL32.dll
0x00007ffd5f870000 - 0x00007ffd60001000 	C:\WINDOWS\SYSTEM32\windows.storage.dll
0x00007ffd63f60000 - 0x00007ffd642b5000 	C:\WINDOWS\System32\combase.dll
0x00007ffd614b0000 - 0x00007ffd614dc000 	C:\WINDOWS\SYSTEM32\Wldp.dll
0x00007ffd631b0000 - 0x00007ffd6325e000 	C:\WINDOWS\System32\SHCORE.dll
0x00007ffd62dc0000 - 0x00007ffd62e15000 	C:\WINDOWS\System32\shlwapi.dll
0x00007ffd61a50000 - 0x00007ffd61a6f000 	C:\WINDOWS\SYSTEM32\profapi.dll
0x00007ffd2a6d0000 - 0x00007ffd2a6eb000 	C:\Users\alber\.jdks\azul-1.8.0_292\jre\bin\net.dll
0x00007ffd61220000 - 0x00007ffd6128a000 	C:\WINDOWS\system32\mswsock.dll
0x00007ffd2a020000 - 0x00007ffd2a031000 	C:\Users\alber\.jdks\azul-1.8.0_292\jre\bin\nio.dll
0x00007ffd36a30000 - 0x00007ffd36a57000 	C:\Users\alber\.gradle\native\49d0259a56938c7f99b2704e745ce422c4f750a7a20b539a32ccef96729676b1\windows-amd64\native-platform.dll
0x00007ffd22b80000 - 0x00007ffd22d11000 	C:\Users\alber\.gradle\native\12488b8bf47d2d4c9fbf2f6322a914ad602e24e48041cd04a747c6da556b65c4\windows-amd64\native-platform-file-events.dll
0x00007ffd46560000 - 0x00007ffd4656d000 	C:\Users\alber\.jdks\azul-1.8.0_292\jre\bin\management.dll
0x00007ffd613f0000 - 0x00007ffd61408000 	C:\WINDOWS\SYSTEM32\CRYPTSP.dll
0x00007ffd60bc0000 - 0x00007ffd60bf4000 	C:\WINDOWS\system32\rsaenh.dll
0x00007ffd62130000 - 0x00007ffd62157000 	C:\WINDOWS\System32\bcrypt.dll
0x00007ffd61a10000 - 0x00007ffd61a3e000 	C:\WINDOWS\SYSTEM32\USERENV.dll
0x00007ffd62080000 - 0x00007ffd62100000 	C:\WINDOWS\System32\bcryptprimitives.dll
0x00007ffd61410000 - 0x00007ffd6141c000 	C:\WINDOWS\SYSTEM32\CRYPTBASE.dll
0x00007ffd60f10000 - 0x00007ffd60f4b000 	C:\WINDOWS\SYSTEM32\IPHLPAPI.DLL
0x00007ffd62d10000 - 0x00007ffd62d18000 	C:\WINDOWS\System32\NSI.dll
0x00007ffd4fdd0000 - 0x00007ffd4fde7000 	C:\WINDOWS\SYSTEM32\dhcpcsvc6.DLL
0x00007ffd50c80000 - 0x00007ffd50c9d000 	C:\WINDOWS\SYSTEM32\dhcpcsvc.DLL
0x00007ffd60f50000 - 0x00007ffd6101c000 	C:\WINDOWS\SYSTEM32\DNSAPI.dll

VM Arguments:
jvm_args: -XX:MaxMetaspaceSize=256m -XX:+HeapDumpOnOutOfMemoryError -Xms256m -Xmx512m -Dfile.encoding=windows-1252 -Duser.country=IT -Duser.language=it -Duser.variant 
java_command: org.gradle.launcher.daemon.bootstrap.GradleDaemon 7.0
java_class_path (initial): C:\Users\alber\.gradle\wrapper\dists\gradle-7.0-bin\2p9ebqfz6ilrfozi676ogco7n\gradle-7.0\lib\gradle-launcher-7.0.jar
Launcher Type: SUN_STANDARD

Environment Variables:
PATH=C:\Program Files\Java\jdk1.8.0_291\bin;C:\Program Files\Java\jdk-11.0.10\bin;C:\WINDOWS\system32;C:\WINDOWS;C:\WINDOWS\System32\Wbem;C:\WINDOWS\System32\WindowsPowerShell\v1.0\;C:\WINDOWS\System32\OpenSSH\;C:\Users\alber\Downloads\gradle-6.6-all\gradle-6.6\bin;C:\Users\alber\AppData\Local\Microsoft\WindowsApps;C:\Users\alber\AppData\Local\GitHubDesktop\bin;C:\adb;C:\Program Files\Git\cmd;C:\Program Files (x86)\scala\bin;C:\Program Files\PuTTY\;C:\Program Files\nodejs\;C:\apache-maven-3.8.1-bin\apache-maven-3.8.1\bin;C:\Users\alber\AppData\Local\Microsoft\WindowsApps;C:\Program Files\JetBrains\IntelliJ IDEA 2020.3.2\bin;;C:\Program Files\JetBrains\WebStorm 2020.3.2\bin;;C:\Users\alber\AppData\Roaming\npm
USERNAME=AD
OS=Windows_NT
PROCESSOR_IDENTIFIER=Intel64 Family 6 Model 122 Stepping 1, GenuineIntel



---------------  S Y S T E M  ---------------

OS: Windows 10.0 , 64 bit Build 19041 (10.0.19041.804)

CPU:total 2 (initial active 2) (2 cores per cpu, 1 threads per core) family 6 model 122 stepping 1, cmov, cx8, fxsr, mmx, sse, sse2, sse3, ssse3, sse4.1, sse4.2, popcnt, aes, clmul, erms, 3dnowpref, tsc, tscinvbit

Memory: 4k page, physical 4012716k(314800k free), swap 9581952k(5200k free)

vm_info: OpenJDK 64-Bit Server VM (25.292-b10) for windows-amd64 JRE (Zulu 8.54.0.21-CA-win64) (1.8.0_292-b10), built on Apr  6 2021 10:31:04 by "tester" with MS VC++ 10.0 (VS2010)

time: Tue Apr 27 08:15:35 2021
timezone: ora legale Europa occidentale
elapsed time: 18.396210 seconds (0d 0h 0m 18s)

