#
# There is insufficient memory for the Java Runtime Environment to continue.
# Native memory allocation (malloc) failed to allocate 131088 bytes for Chunk::new
# Possible reasons:
#   The system is out of physical RAM or swap space
#   The process is running with CompressedOops enabled, and the Java Heap may be blocking the growth of the native heap
# Possible solutions:
#   Reduce memory load on the system
#   Increase physical memory or swap space
#   Check if swap backing store is full
#   Decrease Java heap size (-Xmx/-Xms)
#   Decrease number of Java threads
#   Decrease Java thread stack sizes (-Xss)
#   Set larger code cache with -XX:ReservedCodeCacheSize=
#   JVM is running with Unscaled Compressed Oops mode in which the Java heap is
#     placed in the first 4GB address space. The Java Heap base address is the
#     maximum limit for the native heap growth. Please use -XX:HeapBaseMinAddress
#     to set the Java Heap base and to place the Java Heap above 4GB virtual address.
# This output file may be truncated or incomplete.
#
#  Out of Memory Error (allocation.cpp:389), pid=7016, tid=0x000000000000264c
#
# JRE version: OpenJDK Runtime Environment (Zulu 8.54.0.21-CA-win64) (8.0_292-b10) (build 1.8.0_292-b10)
# Java VM: OpenJDK 64-Bit Server VM (25.292-b10 mixed mode windows-amd64 compressed oops)
# Failed to write core dump. Minidumps are not enabled by default on client versions of Windows
#

---------------  T H R E A D  ---------------

Current thread (0x00000000136aa000):  JavaThread "C2 CompilerThread0" daemon [_thread_in_native, id=9804, stack(0x0000000014700000,0x0000000014800000)]

Stack: [0x0000000014700000,0x0000000014800000]
[error occurred during error reporting (printing stack bounds), id 0xc0000005]

Native frames: (J=compiled Java code, j=interpreted, Vv=VM code, C=native code)


Current CompileTask:
C2:  14513 2921   !   4       java.security.SecureClassLoader::getProtectionDomain (114 bytes)


---------------  P R O C E S S  ---------------

Java Threads: ( => current thread )
  0x0000000015f32800 JavaThread "Cache worker for kotlin-dsl (C:\Users\alber\.gradle\caches\7.0\kotlin-dsl)" [_thread_blocked, id=10212, stack(0x000000001bb80000,0x000000001bc80000)]
  0x0000000015f34000 JavaThread "Cache worker for dependencies-accessors (C:\Users\alber\Desktop\labpps1\pps-ci-lab\.gradle\7.0\dependencies-accessors)" [_thread_blocked, id=10340, stack(0x000000001b880000,0x000000001b980000)]
  0x0000000015f2d800 JavaThread "Cache worker for file content cache (C:\Users\alber\.gradle\caches\7.0\fileContent)" [_thread_blocked, id=10096, stack(0x000000001b580000,0x000000001b680000)]
  0x0000000015f31800 JavaThread "jar transforms Thread 2" [_thread_blocked, id=2928, stack(0x000000001ae80000,0x000000001af80000)]
  0x000000001513f800 JavaThread "jar transforms" [_thread_blocked, id=2276, stack(0x000000001ad80000,0x000000001ae80000)]
  0x0000000015138800 JavaThread "Cache worker for execution history cache (C:\Users\alber\.gradle\caches\7.0\executionHistory)" [_thread_blocked, id=7992, stack(0x000000001ac80000,0x000000001ad80000)]
  0x000000001513a000 JavaThread "Cache worker for cache directory md-rule (C:\Users\alber\.gradle\caches\7.0\md-rule)" [_thread_blocked, id=8472, stack(0x000000001a980000,0x000000001aa80000)]
  0x000000001513e000 JavaThread "Cache worker for cache directory md-supplier (C:\Users\alber\.gradle\caches\7.0\md-supplier)" [_thread_blocked, id=12768, stack(0x000000001a880000,0x000000001a980000)]
  0x000000001513d800 JavaThread "Cache worker for checksums cache (C:\Users\alber\Desktop\labpps1\pps-ci-lab\.gradle\checksums)" [_thread_blocked, id=11136, stack(0x000000001a780000,0x000000001a880000)]
  0x000000001513c800 JavaThread "File watcher consumer" daemon [_thread_blocked, id=9272, stack(0x000000001a480000,0x000000001a580000)]
  0x000000001513b800 JavaThread "File watcher server" daemon [_thread_in_native, id=6204, stack(0x0000000019350000,0x0000000019450000)]
  0x000000001513f000 JavaThread "Cache worker for file hash cache (C:\Users\alber\Desktop\labpps1\pps-ci-lab\.gradle\7.0\fileHashes)" [_thread_blocked, id=9276, stack(0x0000000019250000,0x0000000019350000)]
  0x000000001513b000 JavaThread "Cache worker for journal cache (C:\Users\alber\.gradle\caches\journal-1)" [_thread_blocked, id=6616, stack(0x0000000017f80000,0x0000000018080000)]
  0x0000000015139800 JavaThread "File lock request listener" [_thread_in_native, id=5012, stack(0x0000000017c80000,0x0000000017d80000)]
  0x0000000014b6f800 JavaThread "Cache worker for file hash cache (C:\Users\alber\.gradle\caches\7.0\fileHashes)" [_thread_blocked, id=11868, stack(0x0000000017b80000,0x0000000017c80000)]
  0x000000001501c800 JavaThread "Daemon client event forwarder" [_thread_blocked, id=12876, stack(0x0000000017880000,0x0000000017980000)]
  0x00000000156f8800 JavaThread "Stdin handler" [_thread_blocked, id=1748, stack(0x0000000017780000,0x0000000017880000)]
  0x00000000156f6000 JavaThread "Asynchronous log dispatcher for DefaultDaemonConnection: socket connection from /127.0.0.1:64383 to /127.0.0.1:64384" [_thread_blocked, id=7252, stack(0x0000000017680000,0x0000000017780000)]
  0x000000001520f800 JavaThread "Daemon worker" [_thread_in_native, id=5596, stack(0x0000000017580000,0x0000000017680000)]
  0x0000000015203800 JavaThread "Cancel handler" [_thread_blocked, id=10336, stack(0x0000000017480000,0x0000000017580000)]
  0x0000000015430000 JavaThread "Daemon periodic checks" [_thread_blocked, id=7504, stack(0x0000000017380000,0x0000000017480000)]
  0x000000001542f000 JavaThread "Handler for socket connection from /127.0.0.1:64383 to /127.0.0.1:64384" [_thread_in_native, id=5008, stack(0x0000000017280000,0x0000000017380000)]
  0x0000000014bb2000 JavaThread "Daemon" [_thread_blocked, id=10968, stack(0x0000000017180000,0x0000000017280000)]
  0x000000001546a000 JavaThread "Incoming local TCP Connector on port 64383" [_thread_in_native, id=10088, stack(0x0000000016d10000,0x0000000016e10000)]
  0x00000000159d0800 JavaThread "Daemon health stats" [_thread_blocked, id=6892, stack(0x00000000168d0000,0x00000000169d0000)]
  0x00000000136fe000 JavaThread "Service Thread" daemon [_thread_blocked, id=11724, stack(0x0000000014900000,0x0000000014a00000)]
  0x00000000136fb800 JavaThread "C1 CompilerThread1" daemon [_thread_blocked, id=9340, stack(0x0000000014800000,0x0000000014900000)]
=>0x00000000136aa000 JavaThread "C2 CompilerThread0" daemon [_thread_in_native, id=9804, stack(0x0000000014700000,0x0000000014800000)]
  0x00000000136a2000 JavaThread "Attach Listener" daemon [_thread_blocked, id=5044, stack(0x0000000014600000,0x0000000014700000)]
  0x00000000136a1000 JavaThread "Signal Dispatcher" daemon [_thread_blocked, id=10264, stack(0x0000000014500000,0x0000000014600000)]
  0x0000000002561800 JavaThread "Finalizer" daemon [_thread_blocked, id=9472, stack(0x00000000142e0000,0x00000000143e0000)]
  0x0000000013687000 JavaThread "Reference Handler" daemon [_thread_blocked, id=13208, stack(0x00000000141e0000,0x00000000142e0000)]
  0x000000000246d800 JavaThread "main" [_thread_blocked, id=5080, stack(0x00000000022a0000,0x00000000023a0000)]

Other Threads:
  0x0000000013665800 VMThread [stack: 0x00000000140e0000,0x00000000141e0000] [id=13268]
  0x0000000013702800 WatcherThread [stack: 0x0000000014a00000,0x0000000014b00000] [id=5692]

VM state:not at safepoint (normal execution)

VM Mutex/Monitor currently owned by a thread: None

heap address: 0x00000000e0000000, size: 512 MB, Compressed Oops mode: 32-bit
Narrow klass base: 0x0000000000000000, Narrow klass shift: 3
Compressed class space size: 1073741824 Address: 0x0000000100000000

Heap:
 PSYoungGen      total 111616K, used 30248K [0x00000000f5580000, 0x00000000fd180000, 0x0000000100000000)
  eden space 98816K, 30% used [0x00000000f5580000,0x00000000f730a050,0x00000000fb600000)
  from space 12800K, 0% used [0x00000000fb600000,0x00000000fb600000,0x00000000fc280000)
  to   space 11776K, 0% used [0x00000000fc280000,0x00000000fc280000,0x00000000fce00000)
 ParOldGen       total 175104K, used 14584K [0x00000000e0000000, 0x00000000eab00000, 0x00000000f5580000)
  object space 175104K, 8% used [0x00000000e0000000,0x00000000e0e3e110,0x00000000eab00000)
 Metaspace       used 36269K, capacity 37876K, committed 37888K, reserved 1081344K
  class space    used 5068K, capacity 5364K, committed 5376K, reserved 1048576K

Card table byte_map: [0x0000000011930000,0x0000000011a40000] byte_map_base: 0x0000000011230000

Marking Bits: (ParMarkBitMap*) 0x000000005cc72f00
 Begin Bits: [0x0000000011c40000, 0x0000000012440000)
 End Bits:   [0x0000000012440000, 0x0000000012c40000)

Polling page: 0x0000000000640000

CodeCache: size=245760Kb used=10198Kb max_used=10198Kb free=235561Kb
 bounds [0x0000000002570000, 0x0000000002f70000, 0x0000000011570000]
 total_blobs=3384 nmethods=2681 adapters=615
 compilation: enabled

Compilation events (10 events):
Event: 14.494 Thread 0x00000000136fb800 2945       3       jdk.internal.org.objectweb.asm.MethodWriter::startFrame (55 bytes)
Event: 14.494 Thread 0x00000000136fb800 nmethod 2945 0x0000000002f685d0 code [0x0000000002f68740, 0x0000000002f68a30]
Event: 14.494 Thread 0x00000000136fb800 2946       3       jdk.internal.org.objectweb.asm.MethodWriter::endFrame (53 bytes)
Event: 14.495 Thread 0x00000000136fb800 nmethod 2946 0x0000000002f68bd0 code [0x0000000002f68d60, 0x0000000002f69188]
Event: 14.495 Thread 0x00000000136fb800 2947       3       java.lang.invoke.MethodHandles$Lookup::resolveOrFail (48 bytes)
Event: 14.496 Thread 0x00000000136fb800 nmethod 2947 0x0000000002f692d0 code [0x0000000002f69480, 0x0000000002f69af8]
Event: 14.496 Thread 0x00000000136fb800 2948       3       java.lang.invoke.MethodHandles$Lookup::findBoundCallerClass (36 bytes)
Event: 14.496 Thread 0x00000000136fb800 nmethod 2948 0x0000000002f69d10 code [0x0000000002f69f00, 0x0000000002f6a878]
Event: 14.498 Thread 0x00000000136fb800 2950       3       java.lang.invoke.LambdaFormEditor$Transform::equals (32 bytes)
Event: 14.498 Thread 0x00000000136fb800 nmethod 2950 0x0000000002f6ac10 code [0x0000000002f6ad80, 0x0000000002f6afa8]

GC Heap History (10 events):
Event: 8.505 GC heap before
{Heap before GC invocations=5 (full 1):
 PSYoungGen      total 76288K, used 8940K [0x00000000f5580000, 0x00000000faa80000, 0x0000000100000000)
  eden space 65536K, 0% used [0x00000000f5580000,0x00000000f5580000,0x00000000f9580000)
  from space 10752K, 83% used [0x00000000fa000000,0x00000000fa8bb130,0x00000000faa80000)
  to   space 10752K, 0% used [0x00000000f9580000,0x00000000f9580000,0x00000000fa000000)
 ParOldGen       total 175104K, used 32K [0x00000000e0000000, 0x00000000eab00000, 0x00000000f5580000)
  object space 175104K, 0% used [0x00000000e0000000,0x00000000e0008000,0x00000000eab00000)
 Metaspace       used 20471K, capacity 21276K, committed 21296K, reserved 1067008K
  class space    used 2996K, capacity 3186K, committed 3200K, reserved 1048576K
Event: 8.593 GC heap after
Heap after GC invocations=5 (full 1):
 PSYoungGen      total 76288K, used 0K [0x00000000f5580000, 0x00000000faa80000, 0x0000000100000000)
  eden space 65536K, 0% used [0x00000000f5580000,0x00000000f5580000,0x00000000f9580000)
  from space 10752K, 0% used [0x00000000fa000000,0x00000000fa000000,0x00000000faa80000)
  to   space 10752K, 0% used [0x00000000f9580000,0x00000000f9580000,0x00000000fa000000)
 ParOldGen       total 175104K, used 8717K [0x00000000e0000000, 0x00000000eab00000, 0x00000000f5580000)
  object space 175104K, 4% used [0x00000000e0000000,0x00000000e08834e8,0x00000000eab00000)
 Metaspace       used 20471K, capacity 21276K, committed 21296K, reserved 1067008K
  class space    used 2996K, capacity 3186K, committed 3200K, reserved 1048576K
}
Event: 10.062 GC heap before
{Heap before GC invocations=6 (full 1):
 PSYoungGen      total 76288K, used 65536K [0x00000000f5580000, 0x00000000faa80000, 0x0000000100000000)
  eden space 65536K, 100% used [0x00000000f5580000,0x00000000f9580000,0x00000000f9580000)
  from space 10752K, 0% used [0x00000000fa000000,0x00000000fa000000,0x00000000faa80000)
  to   space 10752K, 0% used [0x00000000f9580000,0x00000000f9580000,0x00000000fa000000)
 ParOldGen       total 175104K, used 8717K [0x00000000e0000000, 0x00000000eab00000, 0x00000000f5580000)
  object space 175104K, 4% used [0x00000000e0000000,0x00000000e08834e8,0x00000000eab00000)
 Metaspace       used 24318K, capacity 25310K, committed 25472K, reserved 1071104K
  class space    used 3639K, capacity 3871K, committed 3968K, reserved 1048576K
Event: 10.070 GC heap after
Heap after GC invocations=6 (full 1):
 PSYoungGen      total 76288K, used 4836K [0x00000000f5580000, 0x00000000fce00000, 0x0000000100000000)
  eden space 65536K, 0% used [0x00000000f5580000,0x00000000f5580000,0x00000000f9580000)
  from space 10752K, 44% used [0x00000000f9580000,0x00000000f9a39118,0x00000000fa000000)
  to   space 11776K, 0% used [0x00000000fc280000,0x00000000fc280000,0x00000000fce00000)
 ParOldGen       total 175104K, used 8717K [0x00000000e0000000, 0x00000000eab00000, 0x00000000f5580000)
  object space 175104K, 4% used [0x00000000e0000000,0x00000000e08834e8,0x00000000eab00000)
 Metaspace       used 24318K, capacity 25310K, committed 25472K, reserved 1071104K
  class space    used 3639K, capacity 3871K, committed 3968K, reserved 1048576K
}
Event: 13.093 GC heap before
{Heap before GC invocations=7 (full 1):
 PSYoungGen      total 76288K, used 70372K [0x00000000f5580000, 0x00000000fce00000, 0x0000000100000000)
  eden space 65536K, 100% used [0x00000000f5580000,0x00000000f9580000,0x00000000f9580000)
  from space 10752K, 44% used [0x00000000f9580000,0x00000000f9a39118,0x00000000fa000000)
  to   space 11776K, 0% used [0x00000000fc280000,0x00000000fc280000,0x00000000fce00000)
 ParOldGen       total 175104K, used 8717K [0x00000000e0000000, 0x00000000eab00000, 0x00000000f5580000)
  object space 175104K, 4% used [0x00000000e0000000,0x00000000e08834e8,0x00000000eab00000)
 Metaspace       used 33067K, capacity 34454K, committed 34688K, reserved 1079296K
  class space    used 4645K, capacity 4915K, committed 4992K, reserved 1048576K
Event: 13.139 GC heap after
Heap after GC invocations=7 (full 1):
 PSYoungGen      total 110592K, used 10516K [0x00000000f5580000, 0x00000000fd180000, 0x0000000100000000)
  eden space 98816K, 0% used [0x00000000f5580000,0x00000000f5580000,0x00000000fb600000)
  from space 11776K, 89% used [0x00000000fc280000,0x00000000fccc5008,0x00000000fce00000)
  to   space 12800K, 0% used [0x00000000fb600000,0x00000000fb600000,0x00000000fc280000)
 ParOldGen       total 175104K, used 8725K [0x00000000e0000000, 0x00000000eab00000, 0x00000000f5580000)
  object space 175104K, 4% used [0x00000000e0000000,0x00000000e08854e8,0x00000000eab00000)
 Metaspace       used 33067K, capacity 34454K, committed 34688K, reserved 1079296K
  class space    used 4645K, capacity 4915K, committed 4992K, reserved 1048576K
}
Event: 13.816 GC heap before
{Heap before GC invocations=8 (full 1):
 PSYoungGen      total 110592K, used 29480K [0x00000000f5580000, 0x00000000fd180000, 0x0000000100000000)
  eden space 98816K, 19% used [0x00000000f5580000,0x00000000f6805258,0x00000000fb600000)
  from space 11776K, 89% used [0x00000000fc280000,0x00000000fccc5008,0x00000000fce00000)
  to   space 12800K, 0% used [0x00000000fb600000,0x00000000fb600000,0x00000000fc280000)
 ParOldGen       total 175104K, used 8725K [0x00000000e0000000, 0x00000000eab00000, 0x00000000f5580000)
  object space 175104K, 4% used [0x00000000e0000000,0x00000000e08854e8,0x00000000eab00000)
 Metaspace       used 34002K, capacity 35426K, committed 35496K, reserved 1079296K
  class space    used 4807K, capacity 5083K, committed 5120K, reserved 1048576K
Event: 13.840 GC heap after
Heap after GC invocations=8 (full 1):
 PSYoungGen      total 111616K, used 7721K [0x00000000f5580000, 0x00000000fd180000, 0x0000000100000000)
  eden space 98816K, 0% used [0x00000000f5580000,0x00000000f5580000,0x00000000fb600000)
  from space 12800K, 60% used [0x00000000fb600000,0x00000000fbd8a4c0,0x00000000fc280000)
  to   space 11776K, 0% used [0x00000000fc280000,0x00000000fc280000,0x00000000fce00000)
 ParOldGen       total 175104K, used 8725K [0x00000000e0000000, 0x00000000eab00000, 0x00000000f5580000)
  object space 175104K, 4% used [0x00000000e0000000,0x00000000e08854e8,0x00000000eab00000)
 Metaspace       used 34002K, capacity 35426K, committed 35496K, reserved 1079296K
  class space    used 4807K, capacity 5083K, committed 5120K, reserved 1048576K
}
Event: 13.840 GC heap before
{Heap before GC invocations=9 (full 2):
 PSYoungGen      total 111616K, used 7721K [0x00000000f5580000, 0x00000000fd180000, 0x0000000100000000)
  eden space 98816K, 0% used [0x00000000f5580000,0x00000000f5580000,0x00000000fb600000)
  from space 12800K, 60% used [0x00000000fb600000,0x00000000fbd8a4c0,0x00000000fc280000)
  to   space 11776K, 0% used [0x00000000fc280000,0x00000000fc280000,0x00000000fce00000)
 ParOldGen       total 175104K, used 8725K [0x00000000e0000000, 0x00000000eab00000, 0x00000000f5580000)
  object space 175104K, 4% used [0x00000000e0000000,0x00000000e08854e8,0x00000000eab00000)
 Metaspace       used 34002K, capacity 35426K, committed 35496K, reserved 1079296K
  class space    used 4807K, capacity 5083K, committed 5120K, reserved 1048576K
Event: 13.955 GC heap after
Heap after GC invocations=9 (full 2):
 PSYoungGen      total 111616K, used 0K [0x00000000f5580000, 0x00000000fd180000, 0x0000000100000000)
  eden space 98816K, 0% used [0x00000000f5580000,0x00000000f5580000,0x00000000fb600000)
  from space 12800K, 0% used [0x00000000fb600000,0x00000000fb600000,0x00000000fc280000)
  to   space 11776K, 0% used [0x00000000fc280000,0x00000000fc280000,0x00000000fce00000)
 ParOldGen       total 175104K, used 14584K [0x00000000e0000000, 0x00000000eab00000, 0x00000000f5580000)
  object space 175104K, 8% used [0x00000000e0000000,0x00000000e0e3e110,0x00000000eab00000)
 Metaspace       used 34002K, capacity 35426K, committed 35496K, reserved 1079296K
  class space    used 4807K, capacity 5083K, committed 5120K, reserved 1048576K
}

Deoptimization events (10 events):
Event: 11.303 Thread 0x000000001520f800 Uncommon trap: reason=unstable_if action=reinterpret pc=0x0000000002cfdd0c method=java.lang.Class$MethodArray.addIfNotPresent(Ljava/lang/reflect/Method;)V @ 19
Event: 12.204 Thread 0x0000000015f31800 Uncommon trap: reason=unstable_if action=reinterpret pc=0x00000000029c2878 method=java.lang.String.regionMatches(ZILjava/lang/String;II)Z @ 123
Event: 12.204 Thread 0x0000000015f31800 Uncommon trap: reason=unstable_if action=reinterpret pc=0x0000000002aac44c method=java.lang.String.regionMatches(ZILjava/lang/String;II)Z @ 123
Event: 12.450 Thread 0x0000000015f31800 Uncommon trap: reason=unstable_if action=reinterpret pc=0x0000000002c56680 method=org.objectweb.asm.ByteVector.putShort(I)Lorg/objectweb/asm/ByteVector; @ 13
Event: 12.996 Thread 0x000000001520f800 Uncommon trap: reason=unstable_if action=reinterpret pc=0x0000000002ba0b58 method=java.util.HashMap.putVal(ILjava/lang/Object;Ljava/lang/Object;ZZ)Ljava/lang/Object; @ 162
Event: 13.047 Thread 0x000000001520f800 Uncommon trap: reason=unstable_if action=reinterpret pc=0x0000000002ed7d2c method=java.util.Arrays.hashCode([Ljava/lang/Object;)I @ 34
Event: 13.143 Thread 0x0000000013687000 Uncommon trap: reason=unstable_if action=reinterpret pc=0x0000000002b62c7c method=java.lang.ref.Reference.tryHandlePending(Z)Z @ 104
Event: 14.172 Thread 0x000000001520f800 Uncommon trap: reason=unstable_if action=reinterpret pc=0x0000000002bd2608 method=java.util.HashMap.getNode(ILjava/lang/Object;)Ljava/util/HashMap$Node; @ 53
Event: 14.172 Thread 0x000000001520f800 Uncommon trap: reason=unstable_if action=reinterpret pc=0x00000000029721f0 method=java.util.HashMap.hash(Ljava/lang/Object;)I @ 1
Event: 14.179 Thread 0x000000001520f800 Uncommon trap: reason=unstable_if action=reinterpret pc=0x0000000002eaddf0 method=org.gradle.internal.reflect.PropertyAccessorType.isGetGetterName(Ljava/lang/String;)Z @ 14

Classes redefined (0 events):
No events

Internal exceptions (10 events):
Event: 12.911 Thread 0x000000001520f800 Exception <a 'java/lang/ClassNotFoundException': ijtestinit2_cxpnjhxrc0xmt5rdgman2f3gw$1Customizer> (0x00000000f8f10330) thrown at [C:\jenkins\workspace\zulu8-build-win64\zulu-src\hotspot\src\share\vm\classfile\systemDictionary.cpp, line 220]
Event: 12.932 Thread 0x000000001520f800 Exception <a 'java/lang/ClassNotFoundException': groovy/runtime/metaclass/[Ljava/lang/String;MetaClass> (0x00000000f8f8d8b0) thrown at [C:\jenkins\workspace\zulu8-build-win64\zulu-src\hotspot\src\share\vm\prims\jni.cpp, line 738]
Event: 12.934 Thread 0x000000001520f800 Exception <a 'java/lang/ClassNotFoundException': [Ljava/lang/String;BeanInfo> (0x00000000f8f9a628) thrown at [C:\jenkins\workspace\zulu8-build-win64\zulu-src\hotspot\src\share\vm\prims\jni.cpp, line 738]
Event: 12.934 Thread 0x000000001520f800 Exception <a 'java/lang/ClassNotFoundException': [Ljava/lang/String;BeanInfo> (0x00000000f8f9b038) thrown at [C:\jenkins\workspace\zulu8-build-win64\zulu-src\hotspot\src\share\vm\prims\jni.cpp, line 738]
Event: 12.934 Thread 0x000000001520f800 Exception <a 'java/lang/ClassNotFoundException': [Ljava/lang/String;Customizer> (0x00000000f8f9bc20) thrown at [C:\jenkins\workspace\zulu8-build-win64\zulu-src\hotspot\src\share\vm\prims\jni.cpp, line 738]
Event: 12.934 Thread 0x000000001520f800 Exception <a 'java/lang/ClassNotFoundException': [Ljava/lang/String;Customizer> (0x00000000f8f9c638) thrown at [C:\jenkins\workspace\zulu8-build-win64\zulu-src\hotspot\src\share\vm\prims\jni.cpp, line 738]
Event: 12.943 Thread 0x000000001520f800 Exception <a 'java/lang/ClassNotFoundException': java/lang/StringBeanInfo> (0x00000000f9095ee8) thrown at [C:\jenkins\workspace\zulu8-build-win64\zulu-src\hotspot\src\share\vm\classfile\systemDictionary.cpp, line 220]
Event: 12.943 Thread 0x000000001520f800 Exception <a 'java/lang/ClassNotFoundException': java/lang/StringCustomizer> (0x00000000f9098d78) thrown at [C:\jenkins\workspace\zulu8-build-win64\zulu-src\hotspot\src\share\vm\classfile\systemDictionary.cpp, line 220]
Event: 13.047 Thread 0x000000001520f800 Implicit null exception at 0x0000000002ed7c6f to 0x0000000002ed7d0d
Event: 14.172 Thread 0x000000001520f800 Implicit null exception at 0x0000000002972158 to 0x00000000029721e6

Events (10 events):
Event: 14.479 loading class org/gradle/kotlin/dsl/cache/KotlinDslWorkspaceProvider$subWorkspace$1
Event: 14.479 loading class org/gradle/kotlin/dsl/cache/KotlinDslWorkspaceProvider$subWorkspace$1 done
Event: 14.506 loading class org/gradle/kotlin/dsl/provider/StandardKotlinScriptEvaluator
Event: 14.506 loading class org/gradle/kotlin/dsl/provider/StandardKotlinScriptEvaluator done
Event: 14.508 loading class org/gradle/kotlin/dsl/provider/StandardKotlinScriptEvaluator$interpreter$2
Event: 14.508 loading class org/gradle/kotlin/dsl/provider/StandardKotlinScriptEvaluator$interpreter$2 done
Event: 14.509 loading class org/gradle/kotlin/dsl/provider/KotlinScriptPlugin
Event: 14.509 loading class org/gradle/kotlin/dsl/provider/KotlinScriptPlugin done
Event: 14.510 loading class org/gradle/kotlin/dsl/provider/KotlinScriptPluginFactory$create$1
Event: 14.510 loading class org/gradle/kotlin/dsl/provider/KotlinScriptPluginFactory$create$1 done


Dynamic libraries:
0x00007ff697140000 - 0x00007ff697175000 	C:\Users\alber\.jdks\azul-1.8.0_292\bin\java.exe
0x00007ffd643d0000 - 0x00007ffd645c5000 	C:\WINDOWS\SYSTEM32\ntdll.dll
0x00007ffd63090000 - 0x00007ffd6314d000 	C:\WINDOWS\System32\KERNEL32.DLL
0x00007ffd62160000 - 0x00007ffd62428000 	C:\WINDOWS\System32\KERNELBASE.dll
0x00007ffd62bd0000 - 0x00007ffd62c7c000 	C:\WINDOWS\System32\ADVAPI32.dll
0x00007ffd62d20000 - 0x00007ffd62dbe000 	C:\WINDOWS\System32\msvcrt.dll
0x00007ffd642f0000 - 0x00007ffd6438b000 	C:\WINDOWS\System32\sechost.dll
0x00007ffd63490000 - 0x00007ffd635bb000 	C:\WINDOWS\System32\RPCRT4.dll
0x00007ffd62560000 - 0x00007ffd62700000 	C:\WINDOWS\System32\USER32.dll
0x00007ffd62100000 - 0x00007ffd62122000 	C:\WINDOWS\System32\win32u.dll
0x00007ffd63460000 - 0x00007ffd6348a000 	C:\WINDOWS\System32\GDI32.dll
0x00007ffd61b10000 - 0x00007ffd61c1b000 	C:\WINDOWS\System32\gdi32full.dll
0x00007ffd61d80000 - 0x00007ffd61e1d000 	C:\WINDOWS\System32\msvcp_win.dll
0x00007ffd61e20000 - 0x00007ffd61f20000 	C:\WINDOWS\System32\ucrtbase.dll
0x00007ffd4f5b0000 - 0x00007ffd4f84a000 	C:\WINDOWS\WinSxS\amd64_microsoft.windows.common-controls_6595b64144ccf1df_6.0.19041.844_none_ca00b6081b84eb1d\COMCTL32.dll
0x00007ffd642c0000 - 0x00007ffd642f0000 	C:\WINDOWS\System32\IMM32.DLL
0x000000005d070000 - 0x000000005d142000 	C:\Users\alber\.jdks\azul-1.8.0_292\jre\bin\msvcr100.dll
0x000000005c430000 - 0x000000005ccf6000 	C:\Users\alber\.jdks\azul-1.8.0_292\jre\bin\server\jvm.dll
0x00007ffd637e0000 - 0x00007ffd637e8000 	C:\WINDOWS\System32\PSAPI.DLL
0x00007ffd40e20000 - 0x00007ffd40e29000 	C:\WINDOWS\SYSTEM32\WSOCK32.dll
0x00007ffd635c0000 - 0x00007ffd6362b000 	C:\WINDOWS\System32\WS2_32.dll
0x00007ffd47910000 - 0x00007ffd47937000 	C:\WINDOWS\SYSTEM32\WINMM.dll
0x00007ffd58860000 - 0x00007ffd5886a000 	C:\WINDOWS\SYSTEM32\VERSION.dll
0x00007ffd46560000 - 0x00007ffd4656f000 	C:\Users\alber\.jdks\azul-1.8.0_292\jre\bin\verify.dll
0x00007ffd2a9a0000 - 0x00007ffd2a9c9000 	C:\Users\alber\.jdks\azul-1.8.0_292\jre\bin\java.dll
0x00007ffd2a6d0000 - 0x00007ffd2a6e6000 	C:\Users\alber\.jdks\azul-1.8.0_292\jre\bin\zip.dll
0x00007ffd637f0000 - 0x00007ffd63f32000 	C:\WINDOWS\System32\SHELL32.dll
0x00007ffd5f870000 - 0x00007ffd60001000 	C:\WINDOWS\SYSTEM32\windows.storage.dll
0x00007ffd63f60000 - 0x00007ffd642b5000 	C:\WINDOWS\System32\combase.dll
0x00007ffd614b0000 - 0x00007ffd614dc000 	C:\WINDOWS\SYSTEM32\Wldp.dll
0x00007ffd631b0000 - 0x00007ffd6325e000 	C:\WINDOWS\System32\SHCORE.dll
0x00007ffd62dc0000 - 0x00007ffd62e15000 	C:\WINDOWS\System32\shlwapi.dll
0x00007ffd61a50000 - 0x00007ffd61a6f000 	C:\WINDOWS\SYSTEM32\profapi.dll
0x00007ffd2a020000 - 0x00007ffd2a03b000 	C:\Users\alber\.jdks\azul-1.8.0_292\jre\bin\net.dll
0x00007ffd61220000 - 0x00007ffd6128a000 	C:\WINDOWS\system32\mswsock.dll
0x00007ffd29e70000 - 0x00007ffd29e81000 	C:\Users\alber\.jdks\azul-1.8.0_292\jre\bin\nio.dll
0x00007ffd36a30000 - 0x00007ffd36a57000 	C:\Users\alber\.gradle\native\49d0259a56938c7f99b2704e745ce422c4f750a7a20b539a32ccef96729676b1\windows-amd64\native-platform.dll
0x00007ffd22b80000 - 0x00007ffd22d11000 	C:\Users\alber\.gradle\native\12488b8bf47d2d4c9fbf2f6322a914ad602e24e48041cd04a747c6da556b65c4\windows-amd64\native-platform-file-events.dll
0x00007ffd464f0000 - 0x00007ffd464fd000 	C:\Users\alber\.jdks\azul-1.8.0_292\jre\bin\management.dll
0x00007ffd613f0000 - 0x00007ffd61408000 	C:\WINDOWS\SYSTEM32\CRYPTSP.dll
0x00007ffd60bc0000 - 0x00007ffd60bf4000 	C:\WINDOWS\system32\rsaenh.dll
0x00007ffd62130000 - 0x00007ffd62157000 	C:\WINDOWS\System32\bcrypt.dll
0x00007ffd61a10000 - 0x00007ffd61a3e000 	C:\WINDOWS\SYSTEM32\USERENV.dll
0x00007ffd62080000 - 0x00007ffd62100000 	C:\WINDOWS\System32\bcryptprimitives.dll
0x00007ffd61410000 - 0x00007ffd6141c000 	C:\WINDOWS\SYSTEM32\CRYPTBASE.dll
0x00007ffd60f10000 - 0x00007ffd60f4b000 	C:\WINDOWS\SYSTEM32\IPHLPAPI.DLL
0x00007ffd62d10000 - 0x00007ffd62d18000 	C:\WINDOWS\System32\NSI.dll
0x00007ffd4fdd0000 - 0x00007ffd4fde7000 	C:\WINDOWS\SYSTEM32\dhcpcsvc6.DLL
0x00007ffd50c80000 - 0x00007ffd50c9d000 	C:\WINDOWS\SYSTEM32\dhcpcsvc.DLL
0x00007ffd60f50000 - 0x00007ffd6101c000 	C:\WINDOWS\SYSTEM32\DNSAPI.dll

VM Arguments:
jvm_args: -XX:MaxMetaspaceSize=256m -XX:+HeapDumpOnOutOfMemoryError -Xms256m -Xmx512m -Dfile.encoding=windows-1252 -Duser.country=IT -Duser.language=it -Duser.variant 
java_command: org.gradle.launcher.daemon.bootstrap.GradleDaemon 7.0
java_class_path (initial): C:\Users\alber\.gradle\wrapper\dists\gradle-7.0-bin\2p9ebqfz6ilrfozi676ogco7n\gradle-7.0\lib\gradle-launcher-7.0.jar
Launcher Type: SUN_STANDARD

Environment Variables:
PATH=C:\Program Files\Java\jdk1.8.0_291\bin;C:\Program Files\Java\jdk-11.0.10\bin;C:\WINDOWS\system32;C:\WINDOWS;C:\WINDOWS\System32\Wbem;C:\WINDOWS\System32\WindowsPowerShell\v1.0\;C:\WINDOWS\System32\OpenSSH\;C:\Users\alber\Downloads\gradle-6.6-all\gradle-6.6\bin;C:\Users\alber\AppData\Local\Microsoft\WindowsApps;C:\Users\alber\AppData\Local\GitHubDesktop\bin;C:\adb;C:\Program Files\Git\cmd;C:\Program Files (x86)\scala\bin;C:\Program Files\PuTTY\;C:\Program Files\nodejs\;C:\apache-maven-3.8.1-bin\apache-maven-3.8.1\bin;C:\Users\alber\AppData\Local\Microsoft\WindowsApps;C:\Program Files\JetBrains\IntelliJ IDEA 2020.3.2\bin;;C:\Program Files\JetBrains\WebStorm 2020.3.2\bin;;C:\Users\alber\AppData\Roaming\npm
USERNAME=AD
OS=Windows_NT
PROCESSOR_IDENTIFIER=Intel64 Family 6 Model 122 Stepping 1, GenuineIntel



---------------  S Y S T E M  ---------------

OS: Windows 10.0 , 64 bit Build 19041 (10.0.19041.804)

CPU:total 2 (initial active 2) (2 cores per cpu, 1 threads per core) family 6 model 122 stepping 1, cmov, cx8, fxsr, mmx, sse, sse2, sse3, ssse3, sse4.1, sse4.2, popcnt, aes, clmul, erms, 3dnowpref, tsc, tscinvbit

Memory: 4k page, physical 4012716k(338724k free), swap 9581952k(3400k free)

vm_info: OpenJDK 64-Bit Server VM (25.292-b10) for windows-amd64 JRE (Zulu 8.54.0.21-CA-win64) (1.8.0_292-b10), built on Apr  6 2021 10:31:04 by "tester" with MS VC++ 10.0 (VS2010)

time: Tue Apr 27 08:14:51 2021
timezone: ora legale Europa occidentale
elapsed time: 14.530506 seconds (0d 0h 0m 14s)

